This is XeTeX, Version 3.14159265-2.6-0.999992 (TeX Live 2020/W32TeX) (preloaded format=xelatex 2020.4.25)  25 JUL 2020 15:11
entering extended mode
 \write18 enabled.
 file:line:error style messages enabled.
 %&-line parsing enabled.
**c:/Users/Admin/Documents/texmaker/projects/ro-reference_sheet/ro-reference_sheet.tex
(c:/Users/Admin/Documents/texmaker/projects/ro-reference_sheet/ro-reference_sheet.tex
LaTeX2e <2020-02-02> patch level 5
L3 programming layer <2020-04-06> (./reference_sheet_preamble.tex (c:/texlive/2020/texmf-dist/tex/latex/base/article.cls
Document Class: article 2019/12/20 v1.4l Standard LaTeX document class
(c:/texlive/2020/texmf-dist/tex/latex/base/size11.clo
File: size11.clo 2019/12/20 v1.4l Standard LaTeX file (size option)
)
\c@part=\count163
\c@section=\count164
\c@subsection=\count165
\c@subsubsection=\count166
\c@paragraph=\count167
\c@subparagraph=\count168
\c@figure=\count169
\c@table=\count170
\abovecaptionskip=\skip47
\belowcaptionskip=\skip48
\bibindent=\dimen134
) (c:/texlive/2020/texmf-dist/tex/latex/base/inputenc.sty
Package: inputenc 2018/08/11 v1.3c Input encoding file
\inpenc@prehook=\toks15
\inpenc@posthook=\toks16


Package inputenc Warning: inputenc package ignored with utf8 based engines.

) (c:/texlive/2020/texmf-dist/tex/generic/babel/babel.sty
Package: babel 2020/03/22 3.42 The Babel package
 (c:/texlive/2020/texmf-dist/tex/generic/babel/switch.def
File: switch.def 2020/03/22 3.42 Babel switching mechanism
) (c:/texlive/2020/texmf-dist/tex/generic/babel-german/german.ldf
Language: german 2018/12/08 v2.11 German support for babel (pre-1996 orthography)
 (c:/texlive/2020/texmf-dist/tex/generic/babel-german/germanb.ldf
Language: germanb 2018/12/08 v2.11 German support for babel (pre-1996 orthography)
 (c:/texlive/2020/texmf-dist/tex/generic/babel/babel.def
File: babel.def 2020/03/22 3.42 Babel common definitions
\babel@savecnt=\count171
\U@D=\dimen135
 (c:/texlive/2020/texmf-dist/tex/generic/babel/xebabel.def (c:/texlive/2020/texmf-dist/tex/generic/babel/txtbabel.def))
\bbl@readstream=\read2
\bbl@dirlevel=\count172
)
Package babel Info: Making " an active character on input line 135.
))) (c:/texlive/2020/texmf-dist/tex/latex/base/fontenc.sty
Package: fontenc 2020/02/11 v2.0o Standard LaTeX package
LaTeX Font Info:    Trying to load font information for T1+lmr on input line 112.
 (c:/texlive/2020/texmf-dist/tex/latex/lm/t1lmr.fd
File: t1lmr.fd 2009/10/30 v1.6 Font defs for Latin Modern
)) (c:/texlive/2020/texmf-dist/tex/latex/amsmath/amsmath.sty
Package: amsmath 2020/01/20 v2.17e AMS math features
\@mathmargin=\skip49

For additional information on amsmath, use the `?' option.
(c:/texlive/2020/texmf-dist/tex/latex/amsmath/amstext.sty
Package: amstext 2000/06/29 v2.01 AMS text
 (c:/texlive/2020/texmf-dist/tex/latex/amsmath/amsgen.sty
File: amsgen.sty 1999/11/30 v2.0 generic functions
\@emptytoks=\toks17
\ex@=\dimen136
)) (c:/texlive/2020/texmf-dist/tex/latex/amsmath/amsbsy.sty
Package: amsbsy 1999/11/29 v1.2d Bold Symbols
\pmbraise@=\dimen137
) (c:/texlive/2020/texmf-dist/tex/latex/amsmath/amsopn.sty
Package: amsopn 2016/03/08 v2.02 operator names
)
\inf@bad=\count173
LaTeX Info: Redefining \frac on input line 227.
\uproot@=\count174
\leftroot@=\count175
LaTeX Info: Redefining \overline on input line 389.
\classnum@=\count176
\DOTSCASE@=\count177
LaTeX Info: Redefining \ldots on input line 486.
LaTeX Info: Redefining \dots on input line 489.
LaTeX Info: Redefining \cdots on input line 610.
\Mathstrutbox@=\box45
\strutbox@=\box46
\big@size=\dimen138
LaTeX Font Info:    Redeclaring font encoding OML on input line 733.
LaTeX Font Info:    Redeclaring font encoding OMS on input line 734.
\macc@depth=\count178
\c@MaxMatrixCols=\count179
\dotsspace@=\muskip16
\c@parentequation=\count180
\dspbrk@lvl=\count181
\tag@help=\toks18
\row@=\count182
\column@=\count183
\maxfields@=\count184
\andhelp@=\toks19
\eqnshift@=\dimen139
\alignsep@=\dimen140
\tagshift@=\dimen141
\tagwidth@=\dimen142
\totwidth@=\dimen143
\lineht@=\dimen144
\@envbody=\toks20
\multlinegap=\skip50
\multlinetaggap=\skip51
\mathdisplay@stack=\toks21
LaTeX Info: Redefining \[ on input line 2859.
LaTeX Info: Redefining \] on input line 2860.
) (c:/texlive/2020/texmf-dist/tex/latex/amsfonts/amsfonts.sty
Package: amsfonts 2013/01/14 v3.01 Basic AMSFonts support
\symAMSa=\mathgroup4
\symAMSb=\mathgroup5
LaTeX Font Info:    Redeclaring math symbol \hbar on input line 98.
LaTeX Font Info:    Overwriting math alphabet `\mathfrak' in version `bold'
(Font)                  U/euf/m/n --> U/euf/b/n on input line 106.
) (c:/texlive/2020/texmf-dist/tex/latex/amsfonts/amssymb.sty
Package: amssymb 2013/01/14 v3.01 AMS font symbols
) (c:/texlive/2020/texmf-dist/tex/latex/graphics/graphicx.sty
Package: graphicx 2019/11/30 v1.2a Enhanced LaTeX Graphics (DPC,SPQR)
 (c:/texlive/2020/texmf-dist/tex/latex/graphics/keyval.sty
Package: keyval 2014/10/28 v1.15 key=value parser (DPC)
\KV@toks@=\toks22
) (c:/texlive/2020/texmf-dist/tex/latex/graphics/graphics.sty
Package: graphics 2019/11/30 v1.4a Standard LaTeX Graphics (DPC,SPQR)
 (c:/texlive/2020/texmf-dist/tex/latex/graphics/trig.sty
Package: trig 2016/01/03 v1.10 sin cos tan (DPC)
) (c:/texlive/2020/texmf-dist/tex/latex/graphics-cfg/graphics.cfg
File: graphics.cfg 2016/06/04 v1.11 sample graphics configuration
)
Package graphics Info: Driver file: xetex.def on input line 105.
 (c:/texlive/2020/texmf-dist/tex/latex/graphics-def/xetex.def
File: xetex.def 2017/06/24 v5.0h Graphics/color driver for xetex
))
\Gin@req@height=\dimen145
\Gin@req@width=\dimen146
) (c:/texlive/2020/texmf-dist/tex/latex/geometry/geometry.sty
Package: geometry 2020/01/02 v5.9 Page Geometry
 (c:/texlive/2020/texmf-dist/tex/generic/iftex/ifvtex.sty
Package: ifvtex 2019/10/25 v1.7 ifvtex legacy package. Use iftex instead.
 (c:/texlive/2020/texmf-dist/tex/generic/iftex/iftex.sty
Package: iftex 2020/03/06 v1.0d TeX engine tests
))
\Gm@cnth=\count185
\Gm@cntv=\count186
\c@Gm@tempcnt=\count187
\Gm@bindingoffset=\dimen147
\Gm@wd@mp=\dimen148
\Gm@odd@mp=\dimen149
\Gm@even@mp=\dimen150
\Gm@layoutwidth=\dimen151
\Gm@layoutheight=\dimen152
\Gm@layouthoffset=\dimen153
\Gm@layoutvoffset=\dimen154
\Gm@dimlist=\toks23
) (c:/texlive/2020/texmf-dist/tex/latex/hyperref/hyperref.sty
Package: hyperref 2020/01/14 v7.00d Hypertext links for LaTeX
 (c:/texlive/2020/texmf-dist/tex/generic/ltxcmds/ltxcmds.sty
Package: ltxcmds 2019/12/15 v1.24 LaTeX kernel commands for general use (HO)
) (c:/texlive/2020/texmf-dist/tex/latex/pdftexcmds/pdftexcmds.sty
Package: pdftexcmds 2019/11/24 v0.31 Utility functions of pdfTeX for LuaTeX (HO)
 (c:/texlive/2020/texmf-dist/tex/generic/infwarerr/infwarerr.sty
Package: infwarerr 2019/12/03 v1.5 Providing info/warning/error messages (HO)
)
Package pdftexcmds Info: \pdf@primitive is available.
Package pdftexcmds Info: \pdf@ifprimitive is available.
Package pdftexcmds Info: \pdfdraftmode not found.
) (c:/texlive/2020/texmf-dist/tex/generic/kvsetkeys/kvsetkeys.sty
Package: kvsetkeys 2019/12/15 v1.18 Key value parser (HO)
) (c:/texlive/2020/texmf-dist/tex/generic/kvdefinekeys/kvdefinekeys.sty
Package: kvdefinekeys 2019-12-19 v1.6 Define keys (HO)
) (c:/texlive/2020/texmf-dist/tex/generic/pdfescape/pdfescape.sty
Package: pdfescape 2019/12/09 v1.15 Implements pdfTeX's escape features (HO)
) (c:/texlive/2020/texmf-dist/tex/latex/hycolor/hycolor.sty
Package: hycolor 2020-01-27 v1.10 Color options for hyperref/bookmark (HO)
) (c:/texlive/2020/texmf-dist/tex/latex/letltxmacro/letltxmacro.sty
Package: letltxmacro 2019/12/03 v1.6 Let assignment for LaTeX macros (HO)
) (c:/texlive/2020/texmf-dist/tex/latex/auxhook/auxhook.sty
Package: auxhook 2019-12-17 v1.6 Hooks for auxiliary files (HO)
) (c:/texlive/2020/texmf-dist/tex/latex/kvoptions/kvoptions.sty
Package: kvoptions 2019/11/29 v3.13 Key value format for package options (HO)
)
\@linkdim=\dimen155
\Hy@linkcounter=\count188
\Hy@pagecounter=\count189
 (c:/texlive/2020/texmf-dist/tex/latex/hyperref/pd1enc.def
File: pd1enc.def 2020/01/14 v7.00d Hyperref: PDFDocEncoding definition (HO)
) (c:/texlive/2020/texmf-dist/tex/generic/intcalc/intcalc.sty
Package: intcalc 2019/12/15 v1.3 Expandable calculations with integers (HO)
) (c:/texlive/2020/texmf-dist/tex/generic/etexcmds/etexcmds.sty
Package: etexcmds 2019/12/15 v1.7 Avoid name clashes with e-TeX commands (HO)
)
\Hy@SavedSpaceFactor=\count190
Package hyperref Info: Hyper figures OFF on input line 4547.
Package hyperref Info: Link nesting OFF on input line 4552.
Package hyperref Info: Hyper index ON on input line 4555.
Package hyperref Info: Plain pages OFF on input line 4562.
Package hyperref Info: Backreferencing OFF on input line 4567.
Package hyperref Info: Implicit mode ON; LaTeX internals redefined.
Package hyperref Info: Bookmarks ON on input line 4800.
\c@Hy@tempcnt=\count191
 (c:/texlive/2020/texmf-dist/tex/latex/url/url.sty
\Urlmuskip=\muskip17
Package: url 2013/09/16  ver 3.4  Verb mode for urls, etc.
)
LaTeX Info: Redefining \url on input line 5159.
\XeTeXLinkMargin=\dimen156
 (c:/texlive/2020/texmf-dist/tex/generic/bitset/bitset.sty
Package: bitset 2019/12/09 v1.3 Handle bit-vector datatype (HO)
 (c:/texlive/2020/texmf-dist/tex/generic/bigintcalc/bigintcalc.sty
Package: bigintcalc 2019/12/15 v1.5 Expandable calculations on big integers (HO)
))
\Fld@menulength=\count192
\Field@Width=\dimen157
\Fld@charsize=\dimen158
Package hyperref Info: Hyper figures OFF on input line 6430.
Package hyperref Info: Link nesting OFF on input line 6435.
Package hyperref Info: Hyper index ON on input line 6438.
Package hyperref Info: backreferencing OFF on input line 6445.
Package hyperref Info: Link coloring OFF on input line 6450.
Package hyperref Info: Link coloring with OCG OFF on input line 6455.
Package hyperref Info: PDF/A mode OFF on input line 6460.
LaTeX Info: Redefining \ref on input line 6500.
LaTeX Info: Redefining \pageref on input line 6504.
 (c:/texlive/2020/texmf-dist/tex/generic/atbegshi/atbegshi.sty
Package: atbegshi 2019/12/05 v1.19 At begin shipout hook (HO)
)
\Hy@abspage=\count193
\c@Item=\count194
\c@Hfootnote=\count195
)
Package hyperref Info: Driver (autodetected): hxetex.
 (c:/texlive/2020/texmf-dist/tex/latex/hyperref/hxetex.def
File: hxetex.def 2020/01/14 v7.00d Hyperref driver for XeTeX
 (c:/texlive/2020/texmf-dist/tex/latex/hyperref/puenc.def
File: puenc.def 2020/01/14 v7.00d Hyperref: PDF Unicode definition (HO)
) (c:/texlive/2020/texmf-dist/tex/generic/stringenc/stringenc.sty
Package: stringenc 2019/11/29 v1.12 Convert strings between diff. encodings (HO)
)
\pdfm@box=\box47
\c@Hy@AnnotLevel=\count196
\HyField@AnnotCount=\count197
\Fld@listcount=\count198
\c@bookmark@seq@number=\count199
 (c:/texlive/2020/texmf-dist/tex/latex/rerunfilecheck/rerunfilecheck.sty
Package: rerunfilecheck 2019/12/05 v1.9 Rerun checks for auxiliary files (HO)
 (c:/texlive/2020/texmf-dist/tex/latex/atveryend/atveryend.sty
Package: atveryend 2019-12-11 v1.11 Hooks at the very end of document (HO)
Package atveryend Info: \enddocument detected (standard20110627).
) (c:/texlive/2020/texmf-dist/tex/generic/uniquecounter/uniquecounter.sty
Package: uniquecounter 2019/12/15 v1.4 Provide unlimited unique counter (HO)
)
Package uniquecounter Info: New unique counter `rerunfilecheck' on input line 286.
)
\Hy@SectionHShift=\skip52
) (c:/texlive/2020/texmf-dist/tex/latex/adjustbox/adjustbox.sty
Package: adjustbox 2019/01/04 v1.2 Adjusting TeX boxes (trim, clip, ...)
 (c:/texlive/2020/texmf-dist/tex/latex/xkeyval/xkeyval.sty
Package: xkeyval 2014/12/03 v2.7a package option processing (HA)
 (c:/texlive/2020/texmf-dist/tex/generic/xkeyval/xkeyval.tex (c:/texlive/2020/texmf-dist/tex/generic/xkeyval/xkvutils.tex
\XKV@toks=\toks24
\XKV@tempa@toks=\toks25
)
\XKV@depth=\count266
File: xkeyval.tex 2014/12/03 v2.7a key=value parser (HA)
)) (c:/texlive/2020/texmf-dist/tex/latex/adjustbox/adjcalc.sty
Package: adjcalc 2012/05/16 v1.1 Provides advanced setlength with multiple back-ends (calc, etex, pgfmath)
) (c:/texlive/2020/texmf-dist/tex/latex/adjustbox/trimclip.sty
Package: trimclip 2018/04/08 v1.1 Trim and clip general TeX material
 (c:/texlive/2020/texmf-dist/tex/latex/collectbox/collectbox.sty
Package: collectbox 2012/05/17 v0.4b Collect macro arguments as boxes
\collectedbox=\box48
)
\tc@llx=\dimen159
\tc@lly=\dimen160
\tc@urx=\dimen161
\tc@ury=\dimen162
Package trimclip Info: Using driver 'tc-xetex.def'.
 (c:/texlive/2020/texmf-dist/tex/latex/adjustbox/tc-xetex.def
File: tc-xetex.def 2019/01/04 v2.2 Clipping driver for xetex
))
\adjbox@Width=\dimen163
\adjbox@Height=\dimen164
\adjbox@Depth=\dimen165
\adjbox@Totalheight=\dimen166
\adjbox@pwidth=\dimen167
\adjbox@pheight=\dimen168
\adjbox@pdepth=\dimen169
\adjbox@ptotalheight=\dimen170
 (c:/texlive/2020/texmf-dist/tex/latex/ifoddpage/ifoddpage.sty
Package: ifoddpage 2016/04/23 v1.1 Conditionals for odd/even page detection
\c@checkoddpage=\count267
) (c:/texlive/2020/texmf-dist/tex/latex/varwidth/varwidth.sty
Package: varwidth 2009/03/30 ver 0.92;  Variable-width minipages
\@vwid@box=\box49
\sift@deathcycles=\count268
\@vwid@loff=\dimen171
\@vwid@roff=\dimen172
)) (c:/texlive/2020/texmf-dist/tex/latex/enumitem/enumitem.sty
Package: enumitem 2019/06/20 v3.9 Customized lists
\labelindent=\skip53
\enit@outerparindent=\dimen173
\enit@toks=\toks26
\enit@inbox=\box50
\enit@count@id=\count269
\enitdp@description=\count270
) (c:/texlive/2020/texmf-dist/tex/latex/tools/verbatim.sty
Package: verbatim 2019/11/10 v1.5r LaTeX2e package for verbatim enhancements
\every@verbatim=\toks27
\verbatim@line=\toks28
\verbatim@in@stream=\read3
) (c:/texlive/2020/texmf-dist/tex/latex/pdfpages/pdfpages.sty
Package: pdfpages 2020/01/28 v0.5q Insert pages of external PDF documents (AM)
 (c:/texlive/2020/texmf-dist/tex/latex/base/ifthen.sty
Package: ifthen 2014/09/29 v1.1c Standard LaTeX ifthen package (DPC)
) (c:/texlive/2020/texmf-dist/tex/latex/tools/calc.sty
Package: calc 2017/05/25 v4.3 Infix arithmetic (KKT,FJ)
\calc@Acount=\count271
\calc@Bcount=\count272
\calc@Adimen=\dimen174
\calc@Bdimen=\dimen175
\calc@Askip=\skip54
\calc@Bskip=\skip55
LaTeX Info: Redefining \setlength on input line 80.
LaTeX Info: Redefining \addtolength on input line 81.
\calc@Ccount=\count273
\calc@Cskip=\skip56
) (c:/texlive/2020/texmf-dist/tex/latex/eso-pic/eso-pic.sty
Package: eso-pic 2018/04/12 v2.0h eso-pic (RN)
 (c:/texlive/2020/texmf-dist/tex/latex/xcolor/xcolor.sty
Package: xcolor 2016/05/11 v2.12 LaTeX color extensions (UK)
 (c:/texlive/2020/texmf-dist/tex/latex/graphics-cfg/color.cfg
File: color.cfg 2016/01/02 v1.6 sample color configuration
)
Package xcolor Info: Driver file: xetex.def on input line 225.
Package xcolor Info: Model `cmy' substituted by `cmy0' on input line 1348.
Package xcolor Info: Model `RGB' extended on input line 1364.
Package xcolor Info: Model `HTML' substituted by `rgb' on input line 1366.
Package xcolor Info: Model `Hsb' substituted by `hsb' on input line 1367.
Package xcolor Info: Model `tHsb' substituted by `hsb' on input line 1368.
Package xcolor Info: Model `HSB' substituted by `hsb' on input line 1369.
Package xcolor Info: Model `Gray' substituted by `gray' on input line 1370.
Package xcolor Info: Model `wave' substituted by `hsb' on input line 1371.
))
\AM@pagewidth=\dimen176
\AM@pageheight=\dimen177
 (c:/texlive/2020/texmf-dist/tex/latex/pdfpages/ppxetex.def
File: ppxetex.def 2020/01/28 v0.5q Pdfpages driver for XeTeX (AM)
)
\AM@pagebox=\box51
\AM@global@opts=\toks29
\AM@pagecnt=\count274
\AM@toc@title=\toks30
\c@AM@survey=\count275
\AM@templatesizebox=\box52
) (c:/texlive/2020/texmf-dist/tex/latex/multirow/multirow.sty
Package: multirow 2019/05/31 v2.5 Span multiple rows of a table
\multirow@colwidth=\skip57
\multirow@cntb=\count276
\multirow@dima=\skip58
\bigstrutjot=\dimen178
) (c:/texlive/2020/texmf-dist/tex/latex/makecell/makecell.sty
Package: makecell 2009/08/03 V0.1e Managing of Tab Column Heads and Cells
 (c:/texlive/2020/texmf-dist/tex/latex/tools/array.sty
Package: array 2019/08/31 v2.4l Tabular extension package (FMi)
\col@sep=\dimen179
\ar@mcellbox=\box53
\extrarowheight=\dimen180
\NC@list=\toks31
\extratabsurround=\skip59
\backup@length=\skip60
\ar@cellbox=\box54
)
\rotheadsize=\dimen181
\c@nlinenum=\count277
\TeXr@lab=\toks32
) (c:/texlive/2020/texmf-dist/tex/latex/listings/listings.sty
\lst@mode=\count278
\lst@gtempboxa=\box55
\lst@token=\toks33
\lst@length=\count279
\lst@currlwidth=\dimen182
\lst@column=\count280
\lst@pos=\count281
\lst@lostspace=\dimen183
\lst@width=\dimen184
\lst@newlines=\count282
\lst@lineno=\count283
\lst@maxwidth=\dimen185
 (c:/texlive/2020/texmf-dist/tex/latex/listings/lstmisc.sty
File: lstmisc.sty 2020/03/24 1.8d (Carsten Heinz)
\c@lstnumber=\count284
\lst@skipnumbers=\count285
\lst@framebox=\box56
) (c:/texlive/2020/texmf-dist/tex/latex/listings/listings.cfg
File: listings.cfg 2020/03/24 1.8d listings configuration
))
Package: listings 2020/03/24 1.8d (Carsten Heinz)
 (c:/texlive/2020/texmf-dist/tex/latex/tools/longtable.sty
Package: longtable 2020/01/07 v4.13 Multi-page Table package (DPC)
\LTleft=\skip61
\LTright=\skip62
\LTpre=\skip63
\LTpost=\skip64
\LTchunksize=\count286
\LTcapwidth=\dimen186
\LT@head=\box57
\LT@firsthead=\box58
\LT@foot=\box59
\LT@lastfoot=\box60
\LT@cols=\count287
\LT@rows=\count288
\c@LT@tables=\count289
\c@LT@chunks=\count290
\LT@p@ftn=\toks34
) (c:/texlive/2020/texmf-dist/tex/latex/float/float.sty
Package: float 2001/11/08 v1.3d Float enhancements (AL)
\c@float@type=\count291
\float@exts=\toks35
\float@box=\box61
\@float@everytoks=\toks36
\@floatcapt=\box62
) (c:/texlive/2020/texmf-dist/tex/latex/booktabs/booktabs.sty
Package: booktabs 2020/01/12 v1.61803398 Publication quality tables
\heavyrulewidth=\dimen187
\lightrulewidth=\dimen188
\cmidrulewidth=\dimen189
\belowrulesep=\dimen190
\belowbottomsep=\dimen191
\aboverulesep=\dimen192
\abovetopsep=\dimen193
\cmidrulesep=\dimen194
\cmidrulekern=\dimen195
\defaultaddspace=\dimen196
\@cmidla=\count292
\@cmidlb=\count293
\@aboverulesep=\dimen197
\@belowrulesep=\dimen198
\@thisruleclass=\count294
\@lastruleclass=\count295
\@thisrulewidth=\dimen199
)
Package hyperref Info: Option `colorlinks' set `false' on input line 37.
) (c:/texlive/2020/texmf-dist/tex/latex/l3backend/l3backend-xdvipdfmx.def
File: l3backend-xdvipdfmx.def 2020-03-12 L3 backend support: xdvipdfmx
\g__graphics_track_int=\count296
\l__pdf_internal_box=\box63
\g__pdf_backend_object_int=\count297
\g__pdf_backend_annotation_int=\count298
) (c:/Users/Admin/Documents/texmaker/projects/ro-reference_sheet/build/ro-reference_sheet.aux)
\openout1 = `ro-reference_sheet.aux'.

LaTeX Font Info:    Checking defaults for OML/cmm/m/it on input line 11.
LaTeX Font Info:    ... okay on input line 11.
LaTeX Font Info:    Checking defaults for OMS/cmsy/m/n on input line 11.
LaTeX Font Info:    ... okay on input line 11.
LaTeX Font Info:    Checking defaults for OT1/cmr/m/n on input line 11.
LaTeX Font Info:    ... okay on input line 11.
LaTeX Font Info:    Checking defaults for T1/cmr/m/n on input line 11.
LaTeX Font Info:    ... okay on input line 11.
LaTeX Font Info:    Checking defaults for TS1/cmr/m/n on input line 11.
LaTeX Font Info:    Trying to load font information for TS1+cmr on input line 11.
 (c:/texlive/2020/texmf-dist/tex/latex/base/ts1cmr.fd
File: ts1cmr.fd 2019/12/16 v2.5j Standard LaTeX font definitions
)
LaTeX Font Info:    ... okay on input line 11.
LaTeX Font Info:    Checking defaults for TU/lmr/m/n on input line 11.
LaTeX Font Info:    ... okay on input line 11.
LaTeX Font Info:    Checking defaults for OMX/cmex/m/n on input line 11.
LaTeX Font Info:    ... okay on input line 11.
LaTeX Font Info:    Checking defaults for U/cmr/m/n on input line 11.
LaTeX Font Info:    ... okay on input line 11.
LaTeX Font Info:    Checking defaults for PD1/pdf/m/n on input line 11.
LaTeX Font Info:    ... okay on input line 11.
LaTeX Font Info:    Checking defaults for PU/pdf/m/n on input line 11.
LaTeX Font Info:    ... okay on input line 11.

*geometry* driver: auto-detecting
*geometry* detected driver: xetex
*geometry* verbose mode - [ preamble ] result:
* driver: xetex
* paper: a4paper
* layout: <same size as paper>
* layoutoffset:(h,v)=(0.0pt,0.0pt)
* modes: 
* h-part:(L,W,R)=(35.56593pt, 526.376pt, 35.56593pt)
* v-part:(T,H,B)=(35.56593pt, 773.91498pt, 35.56593pt)
* \paperwidth=597.50787pt
* \paperheight=845.04684pt
* \textwidth=526.376pt
* \textheight=773.91498pt
* \oddsidemargin=-36.70406pt
* \evensidemargin=-36.70406pt
* \topmargin=-73.70406pt
* \headheight=12.0pt
* \headsep=25.0pt
* \topskip=11.0pt
* \footskip=30.0pt
* \marginparwidth=50.0pt
* \marginparsep=10.0pt
* \columnsep=10.0pt
* \skip\footins=10.0pt plus 4.0pt minus 2.0pt
* \hoffset=0.0pt
* \voffset=0.0pt
* \mag=1000
* \@twocolumnfalse
* \@twosidefalse
* \@mparswitchfalse
* \@reversemarginfalse
* (1in=72.27pt=25.4mm, 1cm=28.453pt)

\AtBeginShipoutBox=\box64
Package hyperref Info: Link coloring OFF on input line 11.
(c:/texlive/2020/texmf-dist/tex/latex/hyperref/nameref.sty
Package: nameref 2019/09/16 v2.46 Cross-referencing by name of section
 (c:/texlive/2020/texmf-dist/tex/latex/refcount/refcount.sty
Package: refcount 2019/12/15 v3.6 Data extraction from label references (HO)
) (c:/texlive/2020/texmf-dist/tex/generic/gettitlestring/gettitlestring.sty
Package: gettitlestring 2019/12/15 v1.6 Cleanup title references (HO)
)
\c@section@level=\count299
)
LaTeX Info: Redefining \ref on input line 11.
LaTeX Info: Redefining \pageref on input line 11.
LaTeX Info: Redefining \nameref on input line 11.
 (c:/Users/Admin/Documents/texmaker/projects/ro-reference_sheet/build/ro-reference_sheet.out) (c:/Users/Admin/Documents/texmaker/projects/ro-reference_sheet/build/ro-reference_sheet.out)
\@outlinefile=\write3
\openout3 = `ro-reference_sheet.out'.

 (c:/texlive/2020/texmf-dist/tex/latex/pdflscape/pdflscape.sty
Package: pdflscape 2019/12/05 v0.12 Display of landscape pages in PDF (HO)
 (c:/texlive/2020/texmf-dist/tex/latex/graphics/lscape.sty
Package: lscape 2000/10/22 v3.01 Landscape Pages (DPC)
)
Package pdflscape Info: Auto-detected driver: dvipdfm (xetex) on input line 98.
)
\c@lstlisting=\count300
LaTeX Font Info:    Trying to load font information for U+msa on input line 14.
 (c:/texlive/2020/texmf-dist/tex/latex/amsfonts/umsa.fd
File: umsa.fd 2013/01/14 v3.01 AMS symbols A
)
LaTeX Font Info:    Trying to load font information for U+msb on input line 14.
 (c:/texlive/2020/texmf-dist/tex/latex/amsfonts/umsb.fd
File: umsb.fd 2013/01/14 v3.01 AMS symbols B
) (c:/Users/Admin/Documents/texmaker/projects/ro-reference_sheet/build/ro-reference_sheet.toc (c:/texlive/2020/texmf-dist/tex/generic/stringenc/se-ascii-print.def
File: se-ascii-print.def 2019/11/29 v1.12 stringenc: Printable ASCII characters
) [1

])
\tf@toc=\write4
\openout4 = `ro-reference_sheet.toc'.

 [2]
Underfull \hbox (badness 10000) in paragraph at lines 24--25

 []

File: ./files/SchichtenModell.jpg Graphic file (type bmp)
<./files/SchichtenModell.jpg>
File: ./files/KomponentenEinesRechnersystems.jpg Graphic file (type bmp)
<./files/KomponentenEinesRechnersystems.jpg>
File: ./files/KomponentenEinesRechnersystems-Verfeinert.jpg Graphic file (type bmp)
<./files/KomponentenEinesRechnersystems-Verfeinert.jpg>
[1]
File: ./files/Registersatz01.jpg Graphic file (type bmp)
<./files/Registersatz01.jpg>
File: ./files/Registeraufbau01.jpg Graphic file (type bmp)
<./files/Registeraufbau01.jpg>
File: ./files/SpeicherhierarchieModell.jpg Graphic file (type bmp)
<./files/SpeicherhierarchieModell.jpg>
 [2]
File: ./files/LittleEndianBigEndian.jpg Graphic file (type bmp)
<./files/LittleEndianBigEndian.jpg>
File: ./files/ByteAdressierung01.jpg Graphic file (type bmp)
<./files/ByteAdressierung01.jpg>
 [3]
File: ./files/RechnersystemVerfeinert.jpg Graphic file (type bmp)
<./files/RechnersystemVerfeinert.jpg>
 [4]
Underfull \hbox (badness 10000) in paragraph at lines 170--171

 []

File: ./files/SpeicherhierarchieModell.jpg Graphic file (type bmp)
<./files/SpeicherhierarchieModell.jpg>

Overfull \hbox (15.57492pt too wide) in paragraph at lines 182--183
 [][] 
 []

[5]
File: ./files/RAM.jpg Graphic file (type bmp)
<./files/RAM.jpg>
File: ./files/SRAM01.jpg Graphic file (type bmp)
<./files/SRAM01.jpg>
File: ./files/SRAM02.jpg Graphic file (type bmp)
<./files/SRAM02.jpg>
File: ./files/DRAM01.jpg Graphic file (type bmp)
<./files/DRAM01.jpg>
File: ./files/DRAM02.jpg Graphic file (type bmp)
<./files/DRAM02.jpg>
 [6]
File: ./files/32K-SRAM.jpg Graphic file (type bmp)
<./files/32K-SRAM.jpg>
File: ./files/VerbindungSpeichermodule.jpg Graphic file (type bmp)
<./files/VerbindungSpeichermodule.jpg>
File: ./files/DRAMChip01.jpg Graphic file (type bmp)
<./files/DRAMChip01.jpg>
File: ./files/DRAMChip02.jpg Graphic file (type bmp)
<./files/DRAMChip02.jpg>
File: ./files/DRAMChip03.jpg Graphic file (type bmp)
<./files/DRAMChip03.jpg>
File: ./files/CpuUndSpeicher.jpg Graphic file (type bmp)
<./files/CpuUndSpeicher.jpg>
 [7]
File: ./files/Loklaität01.jpg Graphic file (type bmp)
<./files/Loklaität01.jpg>
 [8]
File: ./files/LokalitätBsp01.jpg Graphic file (type bmp)
<./files/LokalitätBsp01.jpg>
File: ./files/LokalitätBsp02.jpg Graphic file (type bmp)
<./files/LokalitätBsp02.jpg>

Overfull \hbox (20.81776pt too wide) in paragraph at lines 434--435
 [][] 
 []

File: ./files/LokalitätBsp03.jpg Graphic file (type bmp)
<./files/LokalitätBsp03.jpg>
File: ./files/LokalitätBsp04.jpg Graphic file (type bmp)
<./files/LokalitätBsp04.jpg>

Overfull \hbox (1.84705pt too wide) in paragraph at lines 460--461
 [][] 
 []

[9]
File: ./files/LokalitätBsp05.jpg Graphic file (type bmp)
<./files/LokalitätBsp05.jpg>
File: ./files/LokalitätBsp06.jpg Graphic file (type bmp)
<./files/LokalitätBsp06.jpg>
File: ./files/CachePrinziep.jpg Graphic file (type bmp)
<./files/CachePrinziep.jpg>

Overfull \hbox (50.20422pt too wide) in paragraph at lines 510--511
 [] 
 []

[10]
File: ./files/CacheSpeicherhierarchie.jpg Graphic file (type bmp)
<./files/CacheSpeicherhierarchie.jpg>
File: ./files/CacheCharakteristischeWerte.jpg Graphic file (type bmp)
<./files/CacheCharakteristischeWerte.jpg>
File: ./files/Cachehierarchie.jpg Graphic file (type bmp)
<./files/Cachehierarchie.jpg>
 [11]
File: ./files/PhasenDerUebersetzung.jpg Graphic file (type bmp)
<./files/PhasenDerUebersetzung.jpg>
LaTeX Font Info:    Trying to load font information for T1+lmtt on input line 642.
 (c:/texlive/2020/texmf-dist/tex/latex/lm/t1lmtt.fd
File: t1lmtt.fd 2009/10/30 v1.6 Font defs for Latin Modern
)
File: ./files/AusfuehrungVonHello01.jpg Graphic file (type bmp)
<./files/AusfuehrungVonHello01.jpg>
 [12]
File: ./files/AusfuehrungVonHello02.jpg Graphic file (type bmp)
<./files/AusfuehrungVonHello02.jpg>
File: ./files/AusfuehrungVonHello03.jpg Graphic file (type bmp)
<./files/AusfuehrungVonHello03.jpg>
 [13]
Underfull \hbox (badness 10000) in paragraph at lines 681--683

 []

[14]
Underfull \hbox (badness 10000) in paragraph at lines 726--727

 []

File: ./files/ExsampleCarrybit.jpg Graphic file (type bmp)
<./files/ExsampleCarrybit.jpg>

Underfull \hbox (badness 10000) in paragraph at lines 760--763

 []

File: ./files/ExsampleOverflow.jpg Graphic file (type bmp)
<./files/ExsampleOverflow.jpg>

Underfull \hbox (badness 10000) in paragraph at lines 764--766

 []

[15]
File: ./files/LoadBeispiel.jpg Graphic file (type bmp)
<./files/LoadBeispiel.jpg>

Underfull \hbox (badness 10000) in paragraph at lines 821--827

 []

[16]
File: ./files/RegisterUndHauptspeicher.jpg Graphic file (type bmp)
<./files/RegisterUndHauptspeicher.jpg>
File: ./files/UnbedingteSpruenge01.jpg Graphic file (type bmp)
<./files/UnbedingteSpruenge01.jpg>
File: ./files/BedingteSpruenge01.jpg Graphic file (type bmp)
<./files/BedingteSpruenge01.jpg>
File: ./files/BedingteSpruengeIf01.jpg Graphic file (type bmp)
<./files/BedingteSpruengeIf01.jpg>
File: ./files/BedingteSpruengeFor01.jpg Graphic file (type bmp)
<./files/BedingteSpruengeFor01.jpg>
 [17]
File: ./files/ArrayDarstellung01.jpg Graphic file (type bmp)
<./files/ArrayDarstellung01.jpg>
File: ./files/ArrayDarstellung02.jpg Graphic file (type bmp)
<./files/ArrayDarstellung02.jpg>

Underfull \hbox (badness 10000) in paragraph at lines 874--881

 []

[18]
File: ./files/Makrotechnik01.jpg Graphic file (type bmp)
<./files/Makrotechnik01.jpg>
File: ./files/Unterprogrammtechnik01.jpg Graphic file (type bmp)
<./files/Unterprogrammtechnik01.jpg>
File: ./files/UnterprogrammBeispiel.jpg Graphic file (type bmp)
<./files/UnterprogrammBeispiel.jpg>
File: ./files/UnterprogrammBeispielErklärung.jpg Graphic file (type bmp)
<./files/UnterprogrammBeispielErklärung.jpg>
 [19]
File: ./files/DiffOfSumsNormal.jpg Graphic file (type bmp)
<./files/DiffOfSumsNormal.jpg>
File: ./files/StackBehaviour.jpg Graphic file (type bmp)
<./files/StackBehaviour.jpg>
File: ./files/DiffOfSumsWithStack.jpg Graphic file (type bmp)
<./files/DiffOfSumsWithStack.jpg>

Overfull \hbox (15.02724pt too wide) in paragraph at lines 980--981
[][] 
 []

File: ./files/RekursionVisualisierung.jpg Graphic file (type bmp)
<./files/RekursionVisualisierung.jpg>
[20]
Underfull \hbox (badness 10000) in paragraph at lines 1023--1028

 []


Underfull \hbox (badness 10000) in paragraph at lines 1029--1046

 []

File: ./files/FaklutaetC.jpg Graphic file (type bmp)
<./files/FaklutaetC.jpg>
File: ./files/FakultaetStackBehaviour.jpg Graphic file (type bmp)
<./files/FakultaetStackBehaviour.jpg>

Overfull \hbox (24.1276pt too wide) in paragraph at lines 1048--1050
[][] 
 []

[21] [22]
File: ./files/Zahlendartsellung.jpg Graphic file (type bmp)
<./files/Zahlendartsellung.jpg>

Overfull \hbox (67.49089pt too wide) in paragraph at lines 1099--1100
 [] 
 []

File: ./files/Preaezisionsformate.jpg Graphic file (type bmp)
<./files/Preaezisionsformate.jpg>
File: ./files/GleitkommazahlenNullNaN.jpg Graphic file (type bmp)
<./files/GleitkommazahlenNullNaN.jpg>
[23]
Missing character: There is no § in font cmr10!
Missing character: There is no § in font cmr10!
File: ./files/CharakteristikBeispiel.jpg Graphic file (type bmp)
<./files/CharakteristikBeispiel.jpg>

Overfull \hbox (37.63309pt too wide) in paragraph at lines 1157--1158
 [] 
 []

File: ./files/GleitkommazahlenBeispiele.jpg Graphic file (type bmp)
<./files/GleitkommazahlenBeispiele.jpg>

Overfull \hbox (49.95131pt too wide) in paragraph at lines 1162--1163
 [] 
 []

File: ./files/CCodeAdditionGleitkommazahlen.jpg Graphic file (type bmp)
<./files/CCodeAdditionGleitkommazahlen.jpg>

Overfull \hbox (65.94415pt too wide) in paragraph at lines 1182--1183
 [] 
 []

File: ./files/AssemblerCodeAdditionGleitkommazahlen.jpg Graphic file (type bmp)
<./files/AssemblerCodeAdditionGleitkommazahlen.jpg>
[24]
File: ./files/CCodeAdditionGleitkommazahlenDouble.jpg Graphic file (type bmp)
<./files/CCodeAdditionGleitkommazahlenDouble.jpg>

Overfull \hbox (40.64946pt too wide) in paragraph at lines 1210--1211
 [] 
 []

File: ./files/AssemblerCodeAdditionGleitkommazahlenDouble.jpg Graphic file (type bmp)
<./files/AssemblerCodeAdditionGleitkommazahlenDouble.jpg>
File: ./files/RegistersatzGleitkommazahlen.jpg Graphic file (type bmp)
<./files/RegistersatzGleitkommazahlen.jpg>
File: ./files/BefehleGleitkommazahlen.jpg Graphic file (type bmp)
<./files/BefehleGleitkommazahlen.jpg>
[25]
File: ./files/FMAC-Pipeline.jpg Graphic file (type bmp)
<./files/FMAC-Pipeline.jpg>
File: ./files/DS-Pipeline.jpg Graphic file (type bmp)
<./files/DS-Pipeline.jpg>

Overfull \hbox (47.62782pt too wide) in paragraph at lines 1268--1270
[][] [] 
 []

[26]
Underfull \hbox (badness 1400) in paragraph at lines 1322--1323
[]\T1/lmr/m/n/10.95 Jeder Be-fehl wird in ei-nem
 []

Missing character: There is no ü in font cmmi10!

Underfull \hbox (badness 10000) in paragraph at lines 1342--1343

 []

[27]
File: ./files/BitfeldDarstellung.jpg Graphic file (type bmp)
<./files/BitfeldDarstellung.jpg>
File: ./files/ProzessorEinfach.jpg Graphic file (type bmp)
<./files/ProzessorEinfach.jpg>

Underfull \hbox (badness 10000) in paragraph at lines 1388--1389

 []


Underfull \hbox (badness 10000) in paragraph at lines 1402--1403

 []


Underfull \hbox (badness 5893) in paragraph at lines 1407--1408
[]\T1/lmr/m/n/10.95 Unser wie bis-her be-kann-te Pro-gramm
 []


Underfull \hbox (badness 10000) in paragraph at lines 1407--1408

 []

[28]
File: ./files/ProzessorLDR.jpg Graphic file (type bmp)
<./files/ProzessorLDR.jpg>
File: ./files/BitfeldLDR.jpg Graphic file (type bmp)
<./files/BitfeldLDR.jpg>
File: ./files/ProzessorBitfeldSTR.jpg Graphic file (type bmp)
<./files/ProzessorBitfeldSTR.jpg>
File: ./files/ProzessorBitfeldADD.jpg Graphic file (type bmp)
<./files/ProzessorBitfeldADD.jpg>
File: ./files/ProzessorBranch.jpg Graphic file (type bmp)
<./files/ProzessorBranch.jpg>
 [29]
File: ./files/ProzessorMitControllUnit.jpg Graphic file (type bmp)
<./files/ProzessorMitControllUnit.jpg>
 [30]
File: ./files/NeumannProzessor.jpg Graphic file (type bmp)
<./files/NeumannProzessor.jpg>
File: ./files/MehrtaktProzessorLDR.jpg Graphic file (type bmp)
<./files/MehrtaktProzessorLDR.jpg>
File: ./files/MehrtaktProzessorSTR.jpg Graphic file (type bmp)
<./files/MehrtaktProzessorSTR.jpg>
 [31]
File: ./files/MehrtaktProzessorARI.jpg Graphic file (type bmp)
<./files/MehrtaktProzessorARI.jpg>
File: ./files/MehrtaktProzessorBranch.jpg Graphic file (type bmp)
<./files/MehrtaktProzessorBranch.jpg>
File: ./files/Test01.jpg Graphic file (type bmp)
<./files/Test01.jpg>
 [32]
File: ./files/ControllUnitDetail.jpg Graphic file (type bmp)
<./files/ControllUnitDetail.jpg>
File: ./files/FSMldr01.jpg Graphic file (type bmp)
<./files/FSMldr01.jpg>
File: ./files/FSMldr02.jpg Graphic file (type bmp)
<./files/FSMldr02.jpg>
File: ./files/FSMFetch.jpg Graphic file (type bmp)
<./files/FSMFetch.jpg>
File: ./files/FSMDecode.jpg Graphic file (type bmp)
<./files/FSMDecode.jpg>
File: ./files/FSMDecode.jpg Graphic file (type bmp)
<./files/FSMDecode.jpg>
 [33]
File: ./files/PipelinTimeDiagramm.jpg Graphic file (type bmp)
<./files/PipelinTimeDiagramm.jpg>
File: ./files/PipelineDatenpfadVereinfacht.jpg Graphic file (type bmp)
<./files/PipelineDatenpfadVereinfacht.jpg>
File: ./files/PipelineDatenpfadKorrigiert.jpg Graphic file (type bmp)
<./files/PipelineDatenpfadKorrigiert.jpg>

Overfull \hbox (22.00836pt too wide) in paragraph at lines 1593--1594
 [][] 
 []

File: ./files/PipelineDatenpfadOptimiert.jpg Graphic file (type bmp)
<./files/PipelineDatenpfadOptimiert.jpg>

Overfull \hbox (40.7103pt too wide) in paragraph at lines 1599--1600
 [][] 
 []

[34]
File: ./files/DataHazardSample.jpg Graphic file (type bmp)
<./files/DataHazardSample.jpg>

Underfull \hbox (badness 10000) in paragraph at lines 1619--1621

 []


Underfull \hbox (badness 10000) in paragraph at lines 1639--1640

 []

File: ./files/DataHazardNops.jpg Graphic file (type bmp)
<./files/DataHazardNops.jpg>
File: ./files/DataHazardBypassingForwarding.jpg Graphic file (type bmp)
<./files/DataHazardBypassingForwarding.jpg>

Overfull \hbox (31.73114pt too wide) in paragraph at lines 1661--1662
 [][] 
 []

[35]
File: ./files/DataHazardUnit.jpg Graphic file (type bmp)
<./files/DataHazardUnit.jpg>

Underfull \hbox (badness 10000) in paragraph at lines 1672--1679

 []

File: ./files/DataHazardStall.jpg Graphic file (type bmp)
<./files/DataHazardStall.jpg>
File: ./files/DataHazardUnitStall.jpg Graphic file (type bmp)
<./files/DataHazardUnitStall.jpg>
[36]
File: ./files/ControllHazard.jpg Graphic file (type bmp)
<./files/ControllHazard.jpg>
File: ./files/ControllHazardOptimiert.jpg Graphic file (type bmp)
<./files/ControllHazardOptimiert.jpg>

Overfull \hbox (9.14717pt too wide) in paragraph at lines 1701--1702
 [] 
 []

File: ./files/ControllHazardUnit.jpg Graphic file (type bmp)
<./files/ControllHazardUnit.jpg>
[37]
File: ./files/VeranschaulichungVonFlynn.jpg Graphic file (type bmp)
<./files/VeranschaulichungVonFlynn.jpg>

Overfull \hbox (2.43332pt too wide) in paragraph at lines 1730--1750
$[]$ $[]$ 
 []

File: ./files/NeonRegister.jpg Graphic file (type bmp)
<./files/NeonRegister.jpg>
[38]
File: ./files/NeonBeispiel01.jpg Graphic file (type bmp)
<./files/NeonBeispiel01.jpg>
File: ./files/NeonBeispiel02.jpg Graphic file (type bmp)
<./files/NeonBeispiel02.jpg>
File: ./files/NeonBeispiel03.jpg Graphic file (type bmp)
<./files/NeonBeispiel03.jpg>
 [39] [40]
Underfull \hbox (badness 10000) in paragraph at lines 1851--1852

 []


Underfull \hbox (badness 10000) in paragraph at lines 1860--1863

 []

[41]
Package atveryend Info: Empty hook `BeforeClearDocument' on input line 1888.
 [42]
Package atveryend Info: Empty hook `AfterLastShipout' on input line 1888.
 (c:/Users/Admin/Documents/texmaker/projects/ro-reference_sheet/build/ro-reference_sheet.aux)
Package atveryend Info: Empty hook `AtVeryEndDocument' on input line 1888.
Package atveryend Info: Executing hook `AtEndAfterFileList' on input line 1888.
Package rerunfilecheck Info: File `ro-reference_sheet.out' has not changed.
(rerunfilecheck)             Checksum: 491062AF22E078787D6CB8A885712C93;3908.
Package atveryend Info: Empty hook `AtVeryVeryEnd' on input line 1888.
 ) 
Here is how much of TeX's memory you used:
 15494 strings out of 479417
 233158 string characters out of 5888071
 510188 words of memory out of 5000000
 32641 multiletter control sequences out of 15000+600000
 564840 words of font info for 60 fonts, out of 8000000 for 9000
 1348 hyphenation exceptions out of 8191
 43i,7n,47p,401b,533s stack positions out of 5000i,500n,10000p,200000b,80000s

Output written on c:/Users/Admin/Documents/texmaker/projects/ro-reference_sheet/build/ro-reference_sheet.xdv (44 pages, 158844 bytes).
