\BOOKMARK [1][-]{section.1}{Definitionen}{}% 1
\BOOKMARK [1][-]{section.2}{Computerspeicher}{}% 2
\BOOKMARK [1][-]{section.3}{Datenstrukturen}{}% 3
\BOOKMARK [1][-]{section.4}{Klassen\040und\040Objekte}{}% 4
\BOOKMARK [1][-]{section.5}{Referenzen}{}% 5
\BOOKMARK [1][-]{section.6}{Enumerationen}{}% 6
\BOOKMARK [1][-]{section.7}{Methoden}{}% 7
\BOOKMARK [1][-]{section.8}{Interfaces}{}% 8
\BOOKMARK [1][-]{section.9}{Vererbung}{}% 9
\BOOKMARK [1][-]{section.10}{Zugriffsrechte\040und\040Packages}{}% 10
\BOOKMARK [1][-]{section.11}{Errors\040und\040Exceptions}{}% 11
\BOOKMARK [1][-]{section.12}{Javadoc}{}% 12
\BOOKMARK [1][-]{section.13}{JUnit-Tests}{}% 13
\BOOKMARK [1][-]{section.14}{Wrapper}{}% 14
\BOOKMARK [1][-]{section.15}{Generics,\040Wildcards\040und\040Comperator}{}% 15
\BOOKMARK [1][-]{section.16}{Collections,\040Iterator}{}% 16
\BOOKMARK [1][-]{section.17}{Eigene\040LinkedList\040Klasse}{}% 17
\BOOKMARK [1][-]{section.18}{Optional}{}% 18
\BOOKMARK [1][-]{section.19}{Streams\040und\040Files}{}% 19
\BOOKMARK [1][-]{section.20}{Racket:\040Streams}{}% 20
\BOOKMARK [1][-]{section.21}{Exkurs:\040Methodennamen\040als\040Lambda}{}% 21
\BOOKMARK [1][-]{section.22}{Zahlendarstellung}{}% 22
\BOOKMARK [1][-]{section.23}{Korrektheit\040von\040Software}{}% 23
\BOOKMARK [1][-]{section.24}{Effizienz\040von\040Software}{}% 24
