\BOOKMARK [1][-]{section.1}{Begriffsdefinitonen}{}% 1
\BOOKMARK [2][-]{subsection.1.1}{Allgemein}{section.1}% 2
\BOOKMARK [1][-]{section.2}{Algorithmen}{}% 3
\BOOKMARK [2][-]{subsection.2.1}{Definition}{section.2}% 4
\BOOKMARK [2][-]{subsection.2.2}{Anforderungen}{section.2}% 5
\BOOKMARK [2][-]{subsection.2.3}{Eigenschaften}{section.2}% 6
\BOOKMARK [2][-]{subsection.2.4}{Effizienz\040von\040Algorithmen}{section.2}% 7
\BOOKMARK [2][-]{subsection.2.5}{Divide-and-Conquer}{section.2}% 8
\BOOKMARK [1][-]{section.3}{Asymptotische Komplexität}{}% 9
\BOOKMARK [2][-]{subsection.3.1}{Allgemein}{section.3}% 10
\BOOKMARK [2][-]{subsection.3.2}{Asymptotische\040Notation}{section.3}% 11
\BOOKMARK [2][-]{subsection.3.3}{Schranken der asymptotischen Komplexität}{section.3}% 12
\BOOKMARK [2][-]{subsection.3.4}{Notationen\040und\040Definition}{section.3}% 13
\BOOKMARK [1][-]{section.4}{Analyse\040von\040Divide-and-Conquer\040Algorithmen}{}% 14
\BOOKMARK [2][-]{subsection.4.1}{Allgemein}{section.4}% 15
\BOOKMARK [2][-]{subsection.4.2}{Methoden zur Lösung von Rekursionsgleichung}{section.4}% 16
\BOOKMARK [2][-]{subsection.4.3}{Mastertheorem}{section.4}% 17
\BOOKMARK [1][-]{section.5}{Sortieralgorithmen}{}% 18
\BOOKMARK [2][-]{subsection.5.1}{Sortieralgorithmen:\040Theorie}{section.5}% 19
\BOOKMARK [2][-]{subsection.5.2}{Entwurfsprinzipien\040des\040Sortieren}{section.5}% 20
\BOOKMARK [2][-]{subsection.5.3}{InsertionSort}{section.5}% 21
\BOOKMARK [2][-]{subsection.5.4}{BubbleSort}{section.5}% 22
\BOOKMARK [2][-]{subsection.5.5}{SelectionSort}{section.5}% 23
\BOOKMARK [2][-]{subsection.5.6}{MergeSort}{section.5}% 24
\BOOKMARK [2][-]{subsection.5.7}{QuickSort}{section.5}% 25
\BOOKMARK [1][-]{section.6}{Datenstrukturen}{}% 26
\BOOKMARK [2][-]{subsection.6.1}{Datenstrukturen:\040Theorie}{section.6}% 27
\BOOKMARK [2][-]{subsection.6.2}{Stacks}{section.6}% 28
\BOOKMARK [2][-]{subsection.6.3}{Verkettete\040Listen}{section.6}% 29
\BOOKMARK [2][-]{subsection.6.4}{Queues}{section.6}% 30
\BOOKMARK [2][-]{subsection.6.5}{Binärbäume - Bäume}{section.6}% 31
\BOOKMARK [2][-]{subsection.6.6}{Binäre-Suchbäume}{section.6}% 32
\BOOKMARK [2][-]{subsection.6.7}{AVL Bäume}{section.6}% 33
\BOOKMARK [2][-]{subsection.6.8}{Splay-Bäume}{section.6}% 34
\BOOKMARK [2][-]{subsection.6.9}{Binäre Max-Heaps}{section.6}% 35
\BOOKMARK [2][-]{subsection.6.10}{B-Bäume}{section.6}% 36
\BOOKMARK [2][-]{subsection.6.11}{Skip-Lists}{section.6}% 37
\BOOKMARK [2][-]{subsection.6.12}{Hash-Tables}{section.6}% 38
\BOOKMARK [2][-]{subsection.6.13}{Bloom-Filter}{section.6}% 39
\BOOKMARK [1][-]{section.7}{Rot-Schwarz-Bäume}{}% 40
\BOOKMARK [2][-]{subsection.7.1}{Allgemeines}{section.7}% 41
\BOOKMARK [2][-]{subsection.7.2}{Einfügen}{section.7}% 42
\BOOKMARK [2][-]{subsection.7.3}{Löschen}{section.7}% 43
\BOOKMARK [2][-]{subsection.7.4}{Löschen: fixColorAfterDeletion}{section.7}% 44
\BOOKMARK [2][-]{subsection.7.5}{Löschen: Beispielgraph}{section.7}% 45
\BOOKMARK [1][-]{section.8}{Graphen}{}% 46
\BOOKMARK [2][-]{subsection.8.1}{Allgemein}{section.8}% 47
\BOOKMARK [1][-]{section.9}{Exkurs}{}% 48
\BOOKMARK [2][-]{subsection.9.1}{Totale\040Ordnung}{section.9}% 49
