This is XeTeX, Version 3.14159265-2.6-0.999992 (TeX Live 2020/W32TeX) (preloaded format=xelatex 2020.4.25)  10 AUG 2020 14:35
entering extended mode
 \write18 enabled.
 file:line:error style messages enabled.
 %&-line parsing enabled.
**c:/Users/Admin/Documents/texmaker/projects/aud_reference_sheet/aud_reference_sheet.tex
(c:/Users/Admin/Documents/texmaker/projects/aud_reference_sheet/aud_reference_sheet.tex
LaTeX2e <2020-02-02> patch level 5
L3 programming layer <2020-04-06> (./reference_sheet_preamble.tex (c:/texlive/2020/texmf-dist/tex/latex/base/article.cls
Document Class: article 2019/12/20 v1.4l Standard LaTeX document class
(c:/texlive/2020/texmf-dist/tex/latex/base/size11.clo
File: size11.clo 2019/12/20 v1.4l Standard LaTeX file (size option)
)
\c@part=\count163
\c@section=\count164
\c@subsection=\count165
\c@subsubsection=\count166
\c@paragraph=\count167
\c@subparagraph=\count168
\c@figure=\count169
\c@table=\count170
\abovecaptionskip=\skip47
\belowcaptionskip=\skip48
\bibindent=\dimen134
) (c:/texlive/2020/texmf-dist/tex/latex/base/inputenc.sty
Package: inputenc 2018/08/11 v1.3c Input encoding file
\inpenc@prehook=\toks15
\inpenc@posthook=\toks16


Package inputenc Warning: inputenc package ignored with utf8 based engines.

) (c:/texlive/2020/texmf-dist/tex/generic/babel/babel.sty
Package: babel 2020/03/22 3.42 The Babel package
 (c:/texlive/2020/texmf-dist/tex/generic/babel/switch.def
File: switch.def 2020/03/22 3.42 Babel switching mechanism
) (c:/texlive/2020/texmf-dist/tex/generic/babel-german/german.ldf
Language: german 2018/12/08 v2.11 German support for babel (pre-1996 orthography)
 (c:/texlive/2020/texmf-dist/tex/generic/babel-german/germanb.ldf
Language: germanb 2018/12/08 v2.11 German support for babel (pre-1996 orthography)
 (c:/texlive/2020/texmf-dist/tex/generic/babel/babel.def
File: babel.def 2020/03/22 3.42 Babel common definitions
\babel@savecnt=\count171
\U@D=\dimen135
 (c:/texlive/2020/texmf-dist/tex/generic/babel/xebabel.def (c:/texlive/2020/texmf-dist/tex/generic/babel/txtbabel.def))
\bbl@readstream=\read2
\bbl@dirlevel=\count172
)
Package babel Info: Making " an active character on input line 135.
))) (c:/texlive/2020/texmf-dist/tex/latex/base/fontenc.sty
Package: fontenc 2020/02/11 v2.0o Standard LaTeX package
LaTeX Font Info:    Trying to load font information for T1+lmr on input line 112.
 (c:/texlive/2020/texmf-dist/tex/latex/lm/t1lmr.fd
File: t1lmr.fd 2009/10/30 v1.6 Font defs for Latin Modern
)) (c:/texlive/2020/texmf-dist/tex/latex/amsmath/amsmath.sty
Package: amsmath 2020/01/20 v2.17e AMS math features
\@mathmargin=\skip49

For additional information on amsmath, use the `?' option.
(c:/texlive/2020/texmf-dist/tex/latex/amsmath/amstext.sty
Package: amstext 2000/06/29 v2.01 AMS text
 (c:/texlive/2020/texmf-dist/tex/latex/amsmath/amsgen.sty
File: amsgen.sty 1999/11/30 v2.0 generic functions
\@emptytoks=\toks17
\ex@=\dimen136
)) (c:/texlive/2020/texmf-dist/tex/latex/amsmath/amsbsy.sty
Package: amsbsy 1999/11/29 v1.2d Bold Symbols
\pmbraise@=\dimen137
) (c:/texlive/2020/texmf-dist/tex/latex/amsmath/amsopn.sty
Package: amsopn 2016/03/08 v2.02 operator names
)
\inf@bad=\count173
LaTeX Info: Redefining \frac on input line 227.
\uproot@=\count174
\leftroot@=\count175
LaTeX Info: Redefining \overline on input line 389.
\classnum@=\count176
\DOTSCASE@=\count177
LaTeX Info: Redefining \ldots on input line 486.
LaTeX Info: Redefining \dots on input line 489.
LaTeX Info: Redefining \cdots on input line 610.
\Mathstrutbox@=\box45
\strutbox@=\box46
\big@size=\dimen138
LaTeX Font Info:    Redeclaring font encoding OML on input line 733.
LaTeX Font Info:    Redeclaring font encoding OMS on input line 734.
\macc@depth=\count178
\c@MaxMatrixCols=\count179
\dotsspace@=\muskip16
\c@parentequation=\count180
\dspbrk@lvl=\count181
\tag@help=\toks18
\row@=\count182
\column@=\count183
\maxfields@=\count184
\andhelp@=\toks19
\eqnshift@=\dimen139
\alignsep@=\dimen140
\tagshift@=\dimen141
\tagwidth@=\dimen142
\totwidth@=\dimen143
\lineht@=\dimen144
\@envbody=\toks20
\multlinegap=\skip50
\multlinetaggap=\skip51
\mathdisplay@stack=\toks21
LaTeX Info: Redefining \[ on input line 2859.
LaTeX Info: Redefining \] on input line 2860.
) (c:/texlive/2020/texmf-dist/tex/latex/amsfonts/amsfonts.sty
Package: amsfonts 2013/01/14 v3.01 Basic AMSFonts support
\symAMSa=\mathgroup4
\symAMSb=\mathgroup5
LaTeX Font Info:    Redeclaring math symbol \hbar on input line 98.
LaTeX Font Info:    Overwriting math alphabet `\mathfrak' in version `bold'
(Font)                  U/euf/m/n --> U/euf/b/n on input line 106.
) (c:/texlive/2020/texmf-dist/tex/latex/amsfonts/amssymb.sty
Package: amssymb 2013/01/14 v3.01 AMS font symbols
) (c:/texlive/2020/texmf-dist/tex/latex/graphics/graphicx.sty
Package: graphicx 2019/11/30 v1.2a Enhanced LaTeX Graphics (DPC,SPQR)
 (c:/texlive/2020/texmf-dist/tex/latex/graphics/keyval.sty
Package: keyval 2014/10/28 v1.15 key=value parser (DPC)
\KV@toks@=\toks22
) (c:/texlive/2020/texmf-dist/tex/latex/graphics/graphics.sty
Package: graphics 2019/11/30 v1.4a Standard LaTeX Graphics (DPC,SPQR)
 (c:/texlive/2020/texmf-dist/tex/latex/graphics/trig.sty
Package: trig 2016/01/03 v1.10 sin cos tan (DPC)
) (c:/texlive/2020/texmf-dist/tex/latex/graphics-cfg/graphics.cfg
File: graphics.cfg 2016/06/04 v1.11 sample graphics configuration
)
Package graphics Info: Driver file: xetex.def on input line 105.
 (c:/texlive/2020/texmf-dist/tex/latex/graphics-def/xetex.def
File: xetex.def 2017/06/24 v5.0h Graphics/color driver for xetex
))
\Gin@req@height=\dimen145
\Gin@req@width=\dimen146
) (c:/texlive/2020/texmf-dist/tex/latex/geometry/geometry.sty
Package: geometry 2020/01/02 v5.9 Page Geometry
 (c:/texlive/2020/texmf-dist/tex/generic/iftex/ifvtex.sty
Package: ifvtex 2019/10/25 v1.7 ifvtex legacy package. Use iftex instead.
 (c:/texlive/2020/texmf-dist/tex/generic/iftex/iftex.sty
Package: iftex 2020/03/06 v1.0d TeX engine tests
))
\Gm@cnth=\count185
\Gm@cntv=\count186
\c@Gm@tempcnt=\count187
\Gm@bindingoffset=\dimen147
\Gm@wd@mp=\dimen148
\Gm@odd@mp=\dimen149
\Gm@even@mp=\dimen150
\Gm@layoutwidth=\dimen151
\Gm@layoutheight=\dimen152
\Gm@layouthoffset=\dimen153
\Gm@layoutvoffset=\dimen154
\Gm@dimlist=\toks23
) (c:/texlive/2020/texmf-dist/tex/latex/hyperref/hyperref.sty
Package: hyperref 2020/01/14 v7.00d Hypertext links for LaTeX
 (c:/texlive/2020/texmf-dist/tex/generic/ltxcmds/ltxcmds.sty
Package: ltxcmds 2019/12/15 v1.24 LaTeX kernel commands for general use (HO)
) (c:/texlive/2020/texmf-dist/tex/latex/pdftexcmds/pdftexcmds.sty
Package: pdftexcmds 2019/11/24 v0.31 Utility functions of pdfTeX for LuaTeX (HO)
 (c:/texlive/2020/texmf-dist/tex/generic/infwarerr/infwarerr.sty
Package: infwarerr 2019/12/03 v1.5 Providing info/warning/error messages (HO)
)
Package pdftexcmds Info: \pdf@primitive is available.
Package pdftexcmds Info: \pdf@ifprimitive is available.
Package pdftexcmds Info: \pdfdraftmode not found.
) (c:/texlive/2020/texmf-dist/tex/generic/kvsetkeys/kvsetkeys.sty
Package: kvsetkeys 2019/12/15 v1.18 Key value parser (HO)
) (c:/texlive/2020/texmf-dist/tex/generic/kvdefinekeys/kvdefinekeys.sty
Package: kvdefinekeys 2019-12-19 v1.6 Define keys (HO)
) (c:/texlive/2020/texmf-dist/tex/generic/pdfescape/pdfescape.sty
Package: pdfescape 2019/12/09 v1.15 Implements pdfTeX's escape features (HO)
) (c:/texlive/2020/texmf-dist/tex/latex/hycolor/hycolor.sty
Package: hycolor 2020-01-27 v1.10 Color options for hyperref/bookmark (HO)
) (c:/texlive/2020/texmf-dist/tex/latex/letltxmacro/letltxmacro.sty
Package: letltxmacro 2019/12/03 v1.6 Let assignment for LaTeX macros (HO)
) (c:/texlive/2020/texmf-dist/tex/latex/auxhook/auxhook.sty
Package: auxhook 2019-12-17 v1.6 Hooks for auxiliary files (HO)
) (c:/texlive/2020/texmf-dist/tex/latex/kvoptions/kvoptions.sty
Package: kvoptions 2019/11/29 v3.13 Key value format for package options (HO)
)
\@linkdim=\dimen155
\Hy@linkcounter=\count188
\Hy@pagecounter=\count189
 (c:/texlive/2020/texmf-dist/tex/latex/hyperref/pd1enc.def
File: pd1enc.def 2020/01/14 v7.00d Hyperref: PDFDocEncoding definition (HO)
) (c:/texlive/2020/texmf-dist/tex/generic/intcalc/intcalc.sty
Package: intcalc 2019/12/15 v1.3 Expandable calculations with integers (HO)
) (c:/texlive/2020/texmf-dist/tex/generic/etexcmds/etexcmds.sty
Package: etexcmds 2019/12/15 v1.7 Avoid name clashes with e-TeX commands (HO)
)
\Hy@SavedSpaceFactor=\count190
Package hyperref Info: Hyper figures OFF on input line 4547.
Package hyperref Info: Link nesting OFF on input line 4552.
Package hyperref Info: Hyper index ON on input line 4555.
Package hyperref Info: Plain pages OFF on input line 4562.
Package hyperref Info: Backreferencing OFF on input line 4567.
Package hyperref Info: Implicit mode ON; LaTeX internals redefined.
Package hyperref Info: Bookmarks ON on input line 4800.
\c@Hy@tempcnt=\count191
 (c:/texlive/2020/texmf-dist/tex/latex/url/url.sty
\Urlmuskip=\muskip17
Package: url 2013/09/16  ver 3.4  Verb mode for urls, etc.
)
LaTeX Info: Redefining \url on input line 5159.
\XeTeXLinkMargin=\dimen156
 (c:/texlive/2020/texmf-dist/tex/generic/bitset/bitset.sty
Package: bitset 2019/12/09 v1.3 Handle bit-vector datatype (HO)
 (c:/texlive/2020/texmf-dist/tex/generic/bigintcalc/bigintcalc.sty
Package: bigintcalc 2019/12/15 v1.5 Expandable calculations on big integers (HO)
))
\Fld@menulength=\count192
\Field@Width=\dimen157
\Fld@charsize=\dimen158
Package hyperref Info: Hyper figures OFF on input line 6430.
Package hyperref Info: Link nesting OFF on input line 6435.
Package hyperref Info: Hyper index ON on input line 6438.
Package hyperref Info: backreferencing OFF on input line 6445.
Package hyperref Info: Link coloring OFF on input line 6450.
Package hyperref Info: Link coloring with OCG OFF on input line 6455.
Package hyperref Info: PDF/A mode OFF on input line 6460.
LaTeX Info: Redefining \ref on input line 6500.
LaTeX Info: Redefining \pageref on input line 6504.
 (c:/texlive/2020/texmf-dist/tex/generic/atbegshi/atbegshi.sty
Package: atbegshi 2019/12/05 v1.19 At begin shipout hook (HO)
)
\Hy@abspage=\count193
\c@Item=\count194
\c@Hfootnote=\count195
)
Package hyperref Info: Driver (autodetected): hxetex.
 (c:/texlive/2020/texmf-dist/tex/latex/hyperref/hxetex.def
File: hxetex.def 2020/01/14 v7.00d Hyperref driver for XeTeX
 (c:/texlive/2020/texmf-dist/tex/latex/hyperref/puenc.def
File: puenc.def 2020/01/14 v7.00d Hyperref: PDF Unicode definition (HO)
) (c:/texlive/2020/texmf-dist/tex/generic/stringenc/stringenc.sty
Package: stringenc 2019/11/29 v1.12 Convert strings between diff. encodings (HO)
)
\pdfm@box=\box47
\c@Hy@AnnotLevel=\count196
\HyField@AnnotCount=\count197
\Fld@listcount=\count198
\c@bookmark@seq@number=\count199
 (c:/texlive/2020/texmf-dist/tex/latex/rerunfilecheck/rerunfilecheck.sty
Package: rerunfilecheck 2019/12/05 v1.9 Rerun checks for auxiliary files (HO)
 (c:/texlive/2020/texmf-dist/tex/latex/atveryend/atveryend.sty
Package: atveryend 2019-12-11 v1.11 Hooks at the very end of document (HO)
Package atveryend Info: \enddocument detected (standard20110627).
) (c:/texlive/2020/texmf-dist/tex/generic/uniquecounter/uniquecounter.sty
Package: uniquecounter 2019/12/15 v1.4 Provide unlimited unique counter (HO)
)
Package uniquecounter Info: New unique counter `rerunfilecheck' on input line 286.
)
\Hy@SectionHShift=\skip52
) (c:/texlive/2020/texmf-dist/tex/latex/adjustbox/adjustbox.sty
Package: adjustbox 2019/01/04 v1.2 Adjusting TeX boxes (trim, clip, ...)
 (c:/texlive/2020/texmf-dist/tex/latex/xkeyval/xkeyval.sty
Package: xkeyval 2014/12/03 v2.7a package option processing (HA)
 (c:/texlive/2020/texmf-dist/tex/generic/xkeyval/xkeyval.tex (c:/texlive/2020/texmf-dist/tex/generic/xkeyval/xkvutils.tex
\XKV@toks=\toks24
\XKV@tempa@toks=\toks25
)
\XKV@depth=\count266
File: xkeyval.tex 2014/12/03 v2.7a key=value parser (HA)
)) (c:/texlive/2020/texmf-dist/tex/latex/adjustbox/adjcalc.sty
Package: adjcalc 2012/05/16 v1.1 Provides advanced setlength with multiple back-ends (calc, etex, pgfmath)
) (c:/texlive/2020/texmf-dist/tex/latex/adjustbox/trimclip.sty
Package: trimclip 2018/04/08 v1.1 Trim and clip general TeX material
 (c:/texlive/2020/texmf-dist/tex/latex/collectbox/collectbox.sty
Package: collectbox 2012/05/17 v0.4b Collect macro arguments as boxes
\collectedbox=\box48
)
\tc@llx=\dimen159
\tc@lly=\dimen160
\tc@urx=\dimen161
\tc@ury=\dimen162
Package trimclip Info: Using driver 'tc-xetex.def'.
 (c:/texlive/2020/texmf-dist/tex/latex/adjustbox/tc-xetex.def
File: tc-xetex.def 2019/01/04 v2.2 Clipping driver for xetex
))
\adjbox@Width=\dimen163
\adjbox@Height=\dimen164
\adjbox@Depth=\dimen165
\adjbox@Totalheight=\dimen166
\adjbox@pwidth=\dimen167
\adjbox@pheight=\dimen168
\adjbox@pdepth=\dimen169
\adjbox@ptotalheight=\dimen170
 (c:/texlive/2020/texmf-dist/tex/latex/ifoddpage/ifoddpage.sty
Package: ifoddpage 2016/04/23 v1.1 Conditionals for odd/even page detection
\c@checkoddpage=\count267
) (c:/texlive/2020/texmf-dist/tex/latex/varwidth/varwidth.sty
Package: varwidth 2009/03/30 ver 0.92;  Variable-width minipages
\@vwid@box=\box49
\sift@deathcycles=\count268
\@vwid@loff=\dimen171
\@vwid@roff=\dimen172
)) (c:/texlive/2020/texmf-dist/tex/latex/enumitem/enumitem.sty
Package: enumitem 2019/06/20 v3.9 Customized lists
\labelindent=\skip53
\enit@outerparindent=\dimen173
\enit@toks=\toks26
\enit@inbox=\box50
\enit@count@id=\count269
\enitdp@description=\count270
) (c:/texlive/2020/texmf-dist/tex/latex/tools/verbatim.sty
Package: verbatim 2019/11/10 v1.5r LaTeX2e package for verbatim enhancements
\every@verbatim=\toks27
\verbatim@line=\toks28
\verbatim@in@stream=\read3
) (c:/texlive/2020/texmf-dist/tex/latex/pdfpages/pdfpages.sty
Package: pdfpages 2020/01/28 v0.5q Insert pages of external PDF documents (AM)
 (c:/texlive/2020/texmf-dist/tex/latex/base/ifthen.sty
Package: ifthen 2014/09/29 v1.1c Standard LaTeX ifthen package (DPC)
) (c:/texlive/2020/texmf-dist/tex/latex/tools/calc.sty
Package: calc 2017/05/25 v4.3 Infix arithmetic (KKT,FJ)
\calc@Acount=\count271
\calc@Bcount=\count272
\calc@Adimen=\dimen174
\calc@Bdimen=\dimen175
\calc@Askip=\skip54
\calc@Bskip=\skip55
LaTeX Info: Redefining \setlength on input line 80.
LaTeX Info: Redefining \addtolength on input line 81.
\calc@Ccount=\count273
\calc@Cskip=\skip56
) (c:/texlive/2020/texmf-dist/tex/latex/eso-pic/eso-pic.sty
Package: eso-pic 2018/04/12 v2.0h eso-pic (RN)
 (c:/texlive/2020/texmf-dist/tex/latex/xcolor/xcolor.sty
Package: xcolor 2016/05/11 v2.12 LaTeX color extensions (UK)
 (c:/texlive/2020/texmf-dist/tex/latex/graphics-cfg/color.cfg
File: color.cfg 2016/01/02 v1.6 sample color configuration
)
Package xcolor Info: Driver file: xetex.def on input line 225.
Package xcolor Info: Model `cmy' substituted by `cmy0' on input line 1348.
Package xcolor Info: Model `RGB' extended on input line 1364.
Package xcolor Info: Model `HTML' substituted by `rgb' on input line 1366.
Package xcolor Info: Model `Hsb' substituted by `hsb' on input line 1367.
Package xcolor Info: Model `tHsb' substituted by `hsb' on input line 1368.
Package xcolor Info: Model `HSB' substituted by `hsb' on input line 1369.
Package xcolor Info: Model `Gray' substituted by `gray' on input line 1370.
Package xcolor Info: Model `wave' substituted by `hsb' on input line 1371.
))
\AM@pagewidth=\dimen176
\AM@pageheight=\dimen177
 (c:/texlive/2020/texmf-dist/tex/latex/pdfpages/ppxetex.def
File: ppxetex.def 2020/01/28 v0.5q Pdfpages driver for XeTeX (AM)
)
\AM@pagebox=\box51
\AM@global@opts=\toks29
\AM@pagecnt=\count274
\AM@toc@title=\toks30
\c@AM@survey=\count275
\AM@templatesizebox=\box52
) (c:/texlive/2020/texmf-dist/tex/latex/multirow/multirow.sty
Package: multirow 2019/05/31 v2.5 Span multiple rows of a table
\multirow@colwidth=\skip57
\multirow@cntb=\count276
\multirow@dima=\skip58
\bigstrutjot=\dimen178
) (c:/texlive/2020/texmf-dist/tex/latex/makecell/makecell.sty
Package: makecell 2009/08/03 V0.1e Managing of Tab Column Heads and Cells
 (c:/texlive/2020/texmf-dist/tex/latex/tools/array.sty
Package: array 2019/08/31 v2.4l Tabular extension package (FMi)
\col@sep=\dimen179
\ar@mcellbox=\box53
\extrarowheight=\dimen180
\NC@list=\toks31
\extratabsurround=\skip59
\backup@length=\skip60
\ar@cellbox=\box54
)
\rotheadsize=\dimen181
\c@nlinenum=\count277
\TeXr@lab=\toks32
) (c:/texlive/2020/texmf-dist/tex/latex/listings/listings.sty
\lst@mode=\count278
\lst@gtempboxa=\box55
\lst@token=\toks33
\lst@length=\count279
\lst@currlwidth=\dimen182
\lst@column=\count280
\lst@pos=\count281
\lst@lostspace=\dimen183
\lst@width=\dimen184
\lst@newlines=\count282
\lst@lineno=\count283
\lst@maxwidth=\dimen185
 (c:/texlive/2020/texmf-dist/tex/latex/listings/lstmisc.sty
File: lstmisc.sty 2020/03/24 1.8d (Carsten Heinz)
\c@lstnumber=\count284
\lst@skipnumbers=\count285
\lst@framebox=\box56
) (c:/texlive/2020/texmf-dist/tex/latex/listings/listings.cfg
File: listings.cfg 2020/03/24 1.8d listings configuration
))
Package: listings 2020/03/24 1.8d (Carsten Heinz)
 (c:/texlive/2020/texmf-dist/tex/latex/tools/longtable.sty
Package: longtable 2020/01/07 v4.13 Multi-page Table package (DPC)
\LTleft=\skip61
\LTright=\skip62
\LTpre=\skip63
\LTpost=\skip64
\LTchunksize=\count286
\LTcapwidth=\dimen186
\LT@head=\box57
\LT@firsthead=\box58
\LT@foot=\box59
\LT@lastfoot=\box60
\LT@cols=\count287
\LT@rows=\count288
\c@LT@tables=\count289
\c@LT@chunks=\count290
\LT@p@ftn=\toks34
) (c:/texlive/2020/texmf-dist/tex/latex/float/float.sty
Package: float 2001/11/08 v1.3d Float enhancements (AL)
\c@float@type=\count291
\float@exts=\toks35
\float@box=\box61
\@float@everytoks=\toks36
\@floatcapt=\box62
) (c:/texlive/2020/texmf-dist/tex/latex/booktabs/booktabs.sty
Package: booktabs 2020/01/12 v1.61803398 Publication quality tables
\heavyrulewidth=\dimen187
\lightrulewidth=\dimen188
\cmidrulewidth=\dimen189
\belowrulesep=\dimen190
\belowbottomsep=\dimen191
\aboverulesep=\dimen192
\abovetopsep=\dimen193
\cmidrulesep=\dimen194
\cmidrulekern=\dimen195
\defaultaddspace=\dimen196
\@cmidla=\count292
\@cmidlb=\count293
\@aboverulesep=\dimen197
\@belowrulesep=\dimen198
\@thisruleclass=\count294
\@lastruleclass=\count295
\@thisrulewidth=\dimen199
) (c:/texlive/2020/texmf-dist/tex/latex/animate/animate.sty
Package: animate 2020/03/25 PDF & SVG animations from files and inline graphics
 (c:/texlive/2020/texmf-dist/tex/latex/oberdiek/ifdraft.sty
Package: ifdraft 2016/05/16 v1.4 Detect class options draft and final (HO)
) (c:/texlive/2020/texmf-dist/tex/latex/zref/zref-abspage.sty
Package: zref-abspage 2020-03-03 v2.29 Module abspage for zref (HO)
 (c:/texlive/2020/texmf-dist/tex/latex/zref/zref-base.sty
Package: zref-base 2020-03-03 v2.29 Module base for zref (HO)
Package zref Info: New property list: main on input line 763.
Package zref Info: New property: default on input line 764.
Package zref Info: New property: page on input line 765.
)
\c@abspage=\count296
Package zref Info: New property: abspage on input line 66.
) (c:/texlive/2020/texmf-dist/tex/latex/media9/pdfbase.sty (c:/texlive/2020/texmf-dist/tex/latex/l3kernel/expl3.sty
Package: expl3 2020-04-06 L3 programming layer (loader) 
 (c:/texlive/2020/texmf-dist/tex/latex/l3backend/l3backend-xdvipdfmx.def
File: l3backend-xdvipdfmx.def 2020-03-12 L3 backend support: xdvipdfmx
\g__graphics_track_int=\count297
\l__pdf_internal_box=\box63
\g__pdf_backend_object_int=\count298
\g__pdf_backend_annotation_int=\count299
)) (c:/texlive/2020/texmf-dist/tex/latex/l3packages/l3keys2e/l3keys2e.sty
Package: l3keys2e 2020-03-06 LaTeX2e option processing using LaTeX3 keys
)
Package: pdfbase 2020/03/25 v0.41 driver independent access to low-level PDF features
\g_pbs_page_int=\count300
\g_pbs_obj_int=\count301
\g_pbs_oc_int=\count302
) (c:/texlive/2020/texmf-dist/tex/latex/ocgx2/ocgbase.sty
Package: ocgbase 2019/11/04 v0.17 support package for ocgx2.sty
\g_ocgbase_nd_int=\count303
)
\@anim@box=\box64
\@anim@measbox=\box65
\@anim@tmpdima=\dimen256
\@anim@tmpdimb=\dimen257
\@anim@num=\count304
\@anim@curframe=\count305
\@anim@curframe@zb=\count306
\@anim@resizeflags=\count307
\@anim@skipfram=\count308
\@anim@mulframecnt=\count309
\@anim@@tmlnfile=\read4
\@anim@tmpcnt=\count310
\c@@anim@ltxcnt=\count311
\@anim@curlayer=\count312
\@anim@lineno=\count313
\@anim@curfield=\count314
\@anim@@resizeflags=\count315
) (c:/texlive/2020/texmf-dist/tex/latex/mathtools/mathtools.sty
Package: mathtools 2020/03/24 v1.24 mathematical typesetting tools
 (c:/texlive/2020/texmf-dist/tex/latex/mathtools/mhsetup.sty
Package: mhsetup 2017/03/31 v1.3 programming setup (MH)
)
LaTeX Info: Thecontrolsequence`\('isalreadyrobust on input line 130.
LaTeX Info: Thecontrolsequence`\)'isalreadyrobust on input line 130.
LaTeX Info: Thecontrolsequence`\['isalreadyrobust on input line 130.
LaTeX Info: Thecontrolsequence`\]'isalreadyrobust on input line 130.
\g_MT_multlinerow_int=\count316
\l_MT_multwidth_dim=\dimen258
\origjot=\skip65
\l_MT_shortvdotswithinadjustabove_dim=\dimen259
\l_MT_shortvdotswithinadjustbelow_dim=\dimen260
\l_MT_above_intertext_sep=\dimen261
\l_MT_below_intertext_sep=\dimen262
\l_MT_above_shortintertext_sep=\dimen263
\l_MT_below_shortintertext_sep=\dimen264
\xmathstrut@box=\box66
\xmathstrut@dim=\dimen265
)
Package hyperref Info: Option `colorlinks' set `false' on input line 38.
) (c:/Users/Admin/Documents/texmaker/projects/aud_reference_sheet/build/aud_reference_sheet.aux)
\openout1 = `aud_reference_sheet.aux'.

LaTeX Font Info:    Checking defaults for OML/cmm/m/it on input line 11.
LaTeX Font Info:    ... okay on input line 11.
LaTeX Font Info:    Checking defaults for OMS/cmsy/m/n on input line 11.
LaTeX Font Info:    ... okay on input line 11.
LaTeX Font Info:    Checking defaults for OT1/cmr/m/n on input line 11.
LaTeX Font Info:    ... okay on input line 11.
LaTeX Font Info:    Checking defaults for T1/cmr/m/n on input line 11.
LaTeX Font Info:    ... okay on input line 11.
LaTeX Font Info:    Checking defaults for TS1/cmr/m/n on input line 11.
LaTeX Font Info:    Trying to load font information for TS1+cmr on input line 11.
 (c:/texlive/2020/texmf-dist/tex/latex/base/ts1cmr.fd
File: ts1cmr.fd 2019/12/16 v2.5j Standard LaTeX font definitions
)
LaTeX Font Info:    ... okay on input line 11.
LaTeX Font Info:    Checking defaults for TU/lmr/m/n on input line 11.
LaTeX Font Info:    ... okay on input line 11.
LaTeX Font Info:    Checking defaults for OMX/cmex/m/n on input line 11.
LaTeX Font Info:    ... okay on input line 11.
LaTeX Font Info:    Checking defaults for U/cmr/m/n on input line 11.
LaTeX Font Info:    ... okay on input line 11.
LaTeX Font Info:    Checking defaults for PD1/pdf/m/n on input line 11.
LaTeX Font Info:    ... okay on input line 11.
LaTeX Font Info:    Checking defaults for PU/pdf/m/n on input line 11.
LaTeX Font Info:    ... okay on input line 11.

*geometry* driver: auto-detecting
*geometry* detected driver: xetex
*geometry* verbose mode - [ preamble ] result:
* driver: xetex
* paper: a4paper
* layout: <same size as paper>
* layoutoffset:(h,v)=(0.0pt,0.0pt)
* modes: 
* h-part:(L,W,R)=(35.56593pt, 526.376pt, 35.56593pt)
* v-part:(T,H,B)=(35.56593pt, 773.91498pt, 35.56593pt)
* \paperwidth=597.50787pt
* \paperheight=845.04684pt
* \textwidth=526.376pt
* \textheight=773.91498pt
* \oddsidemargin=-36.70406pt
* \evensidemargin=-36.70406pt
* \topmargin=-73.70406pt
* \headheight=12.0pt
* \headsep=25.0pt
* \topskip=11.0pt
* \footskip=30.0pt
* \marginparwidth=50.0pt
* \marginparsep=10.0pt
* \columnsep=10.0pt
* \skip\footins=10.0pt plus 4.0pt minus 2.0pt
* \hoffset=0.0pt
* \voffset=0.0pt
* \mag=1000
* \@twocolumnfalse
* \@twosidefalse
* \@mparswitchfalse
* \@reversemarginfalse
* (1in=72.27pt=25.4mm, 1cm=28.453pt)

\AtBeginShipoutBox=\box67
Package hyperref Info: Link coloring OFF on input line 11.
(c:/texlive/2020/texmf-dist/tex/latex/hyperref/nameref.sty
Package: nameref 2019/09/16 v2.46 Cross-referencing by name of section
 (c:/texlive/2020/texmf-dist/tex/latex/refcount/refcount.sty
Package: refcount 2019/12/15 v3.6 Data extraction from label references (HO)
) (c:/texlive/2020/texmf-dist/tex/generic/gettitlestring/gettitlestring.sty
Package: gettitlestring 2019/12/15 v1.6 Cleanup title references (HO)
)
\c@section@level=\count317
)
LaTeX Info: Redefining \ref on input line 11.
LaTeX Info: Redefining \pageref on input line 11.
LaTeX Info: Redefining \nameref on input line 11.
 (c:/Users/Admin/Documents/texmaker/projects/aud_reference_sheet/build/aud_reference_sheet.out) (c:/Users/Admin/Documents/texmaker/projects/aud_reference_sheet/build/aud_reference_sheet.out)
\@outlinefile=\write3
\openout3 = `aud_reference_sheet.out'.

 (c:/texlive/2020/texmf-dist/tex/latex/pdflscape/pdflscape.sty
Package: pdflscape 2019/12/05 v0.12 Display of landscape pages in PDF (HO)
 (c:/texlive/2020/texmf-dist/tex/latex/graphics/lscape.sty
Package: lscape 2000/10/22 v3.01 Landscape Pages (DPC)
)
Package pdflscape Info: Auto-detected driver: dvipdfm (xetex) on input line 98.
)
\c@lstlisting=\count318
LaTeX Font Info:    Trying to load font information for U+msa on input line 14.
 (c:/texlive/2020/texmf-dist/tex/latex/amsfonts/umsa.fd
File: umsa.fd 2013/01/14 v3.01 AMS symbols A
)
LaTeX Font Info:    Trying to load font information for U+msb on input line 14.
 (c:/texlive/2020/texmf-dist/tex/latex/amsfonts/umsb.fd
File: umsb.fd 2013/01/14 v3.01 AMS symbols B
) (c:/Users/Admin/Documents/texmaker/projects/aud_reference_sheet/build/aud_reference_sheet.toc (c:/texlive/2020/texmf-dist/tex/generic/stringenc/se-ascii-print.def
File: se-ascii-print.def 2019/11/29 v1.12 stringenc: Printable ASCII characters
) [1

])
\tf@toc=\write4
\openout4 = `aud_reference_sheet.toc'.

 [2] [1]
Underfull \hbox (badness 10000) in paragraph at lines 90--91

 []

[2]
LaTeX Font Info:    Trying to load font information for T1+lmtt on input line 123.
 (c:/texlive/2020/texmf-dist/tex/latex/lm/t1lmtt.fd
File: t1lmtt.fd 2009/10/30 v1.6 Font defs for Latin Modern
)
Underfull \hbox (badness 5203) in paragraph at lines 175--176
[]\T1/lmr/m/n/10.95 Beispiel: Vor-sor-tier-te Li-ste
 []


Underfull \hbox (badness 10000) in paragraph at lines 181--182
[]\T1/lmr/m/n/10.95 Komplexität im "durch-
 []


Underfull \hbox (badness 6708) in paragraph at lines 189--190
[]\T1/lmr/m/n/10.95 Komplexität im ÿchlech-te-
 []

[3]
Underfull \hbox (badness 10000) in paragraph at lines 212--214

 []


Underfull \hbox (badness 10000) in paragraph at lines 212--214

 []


Underfull \hbox (badness 10000) in paragraph at lines 215--217

 []


Underfull \hbox (badness 10000) in paragraph at lines 231--233

 []

File: ./files/Notation_Exsample.jpg Graphic file (type bmp)
<./files/Notation_Exsample.jpg>
[4]
Underfull \hbox (badness 10000) in paragraph at lines 247--256

 []


Underfull \hbox (badness 10000) in paragraph at lines 247--256

 []


Underfull \hbox (badness 10000) in paragraph at lines 247--256

 []


Underfull \hbox (badness 10000) in paragraph at lines 247--256

 []


Underfull \hbox (badness 10000) in paragraph at lines 247--256

 []

[5] [6]
Underfull \hbox (badness 10000) in paragraph at lines 364--370

 []


Underfull \hbox (badness 10000) in paragraph at lines 395--396

 []


Underfull \hbox (badness 10000) in paragraph at lines 395--396

 []


Underfull \hbox (badness 10000) in paragraph at lines 401--402

 []

[7]
File: ./files/InsertionSort_Code.jpg Graphic file (type bmp)
<./files/InsertionSort_Code.jpg>
File: ./files/BubbleSort_Code.jpg Graphic file (type bmp)
<./files/BubbleSort_Code.jpg>
 [8]
File: ./files/SelectionSort_Code.jpg Graphic file (type bmp)
<./files/SelectionSort_Code.jpg>
File: ./files/MergeSort_Code.jpg Graphic file (type bmp)
<./files/MergeSort_Code.jpg>
 [9]
Underfull \hbox (badness 10000) in paragraph at lines 524--526

 []


Underfull \hbox (badness 10000) in paragraph at lines 524--526

 []

File: ./files/MergeSort_Komplett_Code.jpg Graphic file (type bmp)
<./files/MergeSort_Komplett_Code.jpg>

Underfull \hbox (badness 10000) in paragraph at lines 531--532

 []


Underfull \hbox (badness 10000) in paragraph at lines 531--532

 []

File: ./files/MergeSort_BinaryTree.jpg Graphic file (type bmp)
<./files/MergeSort_BinaryTree.jpg>
[10]
Underfull \hbox (badness 10000) in paragraph at lines 553--554

 []


Underfull \hbox (badness 10000) in paragraph at lines 558--575

 []


Underfull \hbox (badness 10000) in paragraph at lines 558--575

 []


Underfull \hbox (badness 10000) in paragraph at lines 558--575

 []

[11]
File: ./files/QuickSort_Code_Partition.jpg Graphic file (type bmp)
<./files/QuickSort_Code_Partition.jpg>
File: ./files/QuickSort_Code.jpg Graphic file (type bmp)
<./files/QuickSort_Code.jpg>

Underfull \hbox (badness 10000) in paragraph at lines 613--629

 []

File: ./files/QuickSort_Code_PartitionSample_01.jpg Graphic file (type bmp)
<./files/QuickSort_Code_PartitionSample_01.jpg>
File: ./files/QuickSort_Code_PartitionSample_02.jpg Graphic file (type bmp)
<./files/QuickSort_Code_PartitionSample_02.jpg>
File: ./files/QuickSort_Code_PartitionSample_00.jpg Graphic file (type bmp)
<./files/QuickSort_Code_PartitionSample_00.jpg>

Overfull \hbox (21.86665pt too wide) in paragraph at lines 630--646
[]$[]$ $[]$ $[]$ 
 []

[12]
File: ./files/Stack_Operationen_Code.jpg Graphic file (type bmp)
<./files/Stack_Operationen_Code.jpg>
 [13]
File: ./files/Doppelt_Verkettete_Listen_Bsp.jpg Graphic file (type bmp)
<./files/Doppelt_Verkettete_Listen_Bsp.jpg>

Overfull \hbox (4.16481pt too wide) in paragraph at lines 754--755
 [] 
 []

File: ./files/LinkedListLaufzeit.jpg Graphic file (type bmp)
<./files/LinkedListLaufzeit.jpg>
File: ./files/Queues_Array.jpg Graphic file (type bmp)
<./files/Queues_Array.jpg>
File: ./files/Queues_Array_Zyklisch.jpg Graphic file (type bmp)
<./files/Queues_Array_Zyklisch.jpg>
File: ./files/BBCharackterisitk.jpg Graphic file (type bmp)
<./files/BBCharackterisitk.jpg>
File: ./files/BinaerBaeumeGraph.jpg Graphic file (type bmp)
<./files/BinaerBaeumeGraph.jpg>

Overfull \hbox (7.82524pt too wide) in paragraph at lines 812--813
 [] 
 []


Underfull \hbox (badness 10000) in paragraph at lines 793--821

 []

[14]
Underfull \hbox (badness 10000) in paragraph at lines 826--830

 []


Underfull \hbox (badness 10000) in paragraph at lines 826--830

 []

File: ./files/BBInorder.jpg Graphic file (type bmp)
<./files/BBInorder.jpg>
File: ./files/BBInorderErgebniss.jpg Graphic file (type bmp)
<./files/BBInorderErgebniss.jpg>

Overfull \hbox (37.35207pt too wide) in paragraph at lines 836--838
 [] 
 []

File: ./files/BBTraversieren.jpg Graphic file (type bmp)
<./files/BBTraversieren.jpg>
File: ./files/BBPrePostorder.jpg Graphic file (type bmp)
<./files/BBPrePostorder.jpg>
[15]
File: ./files/BSBSearch.jpg Graphic file (type bmp)
<./files/BSBSearch.jpg>
File: ./files/BSBInsert.jpg Graphic file (type bmp)
<./files/BSBInsert.jpg>

Overfull \hbox (21.86664pt too wide) in paragraph at lines 860--877
[][] [] [] 
 []

File: ./files/BSBTransplant.jpg Graphic file (type bmp)
<./files/BSBTransplant.jpg>

Overfull \hbox (24.597pt too wide) in paragraph at lines 882--883
[] 
 []

File: ./files/BSBCharackterisitk.jpg Graphic file (type bmp)
<./files/BSBCharackterisitk.jpg>
File: ./files/BSBDelete01.jpg Graphic file (type bmp)
<./files/BSBDelete01.jpg>
File: ./files/BSBDelete02.jpg Graphic file (type bmp)
<./files/BSBDelete02.jpg>
File: ./files/BSBDelete03.jpg Graphic file (type bmp)
<./files/BSBDelete03.jpg>
File: ./files/BSBDelete04.jpg Graphic file (type bmp)
<./files/BSBDelete04.jpg>
File: ./files/BSBDeleteCode.jpg Graphic file (type bmp)
<./files/BSBDeleteCode.jpg>

Overfull \hbox (21.87468pt too wide) in paragraph at lines 880--901
[][] [] [] 
 []

File: ./files/BSBHoehe.jpg Graphic file (type bmp)
<./files/BSBHoehe.jpg>

Overfull \hbox (36.14757pt too wide) in paragraph at lines 914--915
 [] 
 []

[16] [17]
Missing character: There is no ä in font cmmi10!

Underfull \hbox (badness 3568) in paragraph at lines 925--926
[]\T1/lmr/m/n/10.95 Optimiert: $\OML/cmm/m/it/10.95 h \OMS/cmsy/m/n/10.95 ^^T \OT1/cmr/m/n/10.95 2 \OMS/cmsy/m/n/10.95 ^^C [] \OML/cmm/m/it/10.95 n\OT1/cmr/m/n/10.95 (\OML/cmm/m/it/10.95 RBT\OT1/cmr/m/n/10.95 )$ \T1/lmr/m/n/10.95 vs $\OML/cmm/m/it/10.95 h \OMS/cmsy/m/n/10.95 ^^T \OT1/cmr/m/n/10.95 1\OML/cmm/m/it/10.95 :\OT1/cmr/m/n/10.95 441 \OMS/cmsy/m/n/10.95 ^^C
 []

File: ./files/AVLCharacteristic.jpg Graphic file (type bmp)
<./files/AVLCharacteristic.jpg>
Missing character: There is no ö in font cmmi10!
Missing character: There is no ö in font cmmi10!
File: ./files/AVLBeispiel.jpg Graphic file (type bmp)
<./files/AVLBeispiel.jpg>

Overfull \hbox (66.06784pt too wide) in paragraph at lines 946--947
 [] 
 []

File: ./files/AVLRBT.jpg Graphic file (type bmp)
<./files/AVLRBT.jpg>

Overfull \hbox (24.89812pt too wide) in paragraph at lines 960--961
 [] 
 []


Underfull \hbox (badness 10000) in paragraph at lines 968--969

 []

File: ./files/AVLRebalanceCase01.jpg Graphic file (type bmp)
<./files/AVLRebalanceCase01.jpg>
File: ./files/AVLRebalanceCase034.jpg Graphic file (type bmp)
<./files/AVLRebalanceCase034.jpg>
File: ./files/AVLRebalanceCase02_1.jpg Graphic file (type bmp)
<./files/AVLRebalanceCase02_1.jpg>
File: ./files/AVLRebalanceCase02_2.jpg Graphic file (type bmp)
<./files/AVLRebalanceCase02_2.jpg>
[18] [19]
Missing character: There is no ä in font cmmi10!
File: ./files/SplayTreeSearch.jpg Graphic file (type bmp)
<./files/SplayTreeSearch.jpg>
File: ./files/SplayTreeInsert.jpg Graphic file (type bmp)
<./files/SplayTreeInsert.jpg>

Overfull \hbox (6.999pt too wide) in paragraph at lines 1019--1042
[]   [] 
 []


Underfull \hbox (badness 10000) in paragraph at lines 1049--1050

 []

File: ./files/SplayTreeSplay.jpg Graphic file (type bmp)
<./files/SplayTreeSplay.jpg>

Overfull \hbox (6.999pt too wide) in paragraph at lines 1044--1058
$[]$   $[]$ 
 []


Underfull \hbox (badness 3579) in paragraph at lines 1064--1065
[]\T1/lmr/m/n/10.95 1. Rechts-ro-ta-ti-on (Weg vom SStamm") um
 []

File: ./files/SplayTreeZigZag.jpg Graphic file (type bmp)
<./files/SplayTreeZigZag.jpg>

Overfull \hbox (6.999pt too wide) in paragraph at lines 1062--1074
$[]$   $[]$ 
 []

[20]
Underfull \hbox (badness 10000) in paragraph at lines 1080--1081
[]\T1/lmr/m/n/10.95 1. Links-ro-ta-ti-on (Zum SStamm") um
 []

File: ./files/SplayTreeZigZig.jpg Graphic file (type bmp)
<./files/SplayTreeZigZig.jpg>

Overfull \hbox (6.999pt too wide) in paragraph at lines 1078--1090
$[]$   $[]$ 
 []

File: ./files/SplayTreeZig.jpg Graphic file (type bmp)
<./files/SplayTreeZig.jpg>

Overfull \hbox (6.999pt too wide) in paragraph at lines 1094--1105
$[]$   $[]$ 
 []

File: ./files/SplayTreeDelete1.jpg Graphic file (type bmp)
<./files/SplayTreeDelete1.jpg>
File: ./files/SplayTreeDelete2.jpg Graphic file (type bmp)
<./files/SplayTreeDelete2.jpg>
File: ./files/SplayTreeDelete3.jpg Graphic file (type bmp)
<./files/SplayTreeDelete3.jpg>
File: ./files/SplayTreeDelete4.jpg Graphic file (type bmp)
<./files/SplayTreeDelete4.jpg>

Overfull \hbox (6.999pt too wide) in paragraph at lines 1108--1148
$[]$   $[]$ 
 []

[21]
File: ./files/HeapsArrayBeziehungen.jpg Graphic file (type bmp)
<./files/HeapsArrayBeziehungen.jpg>
File: ./files/HeapsArray.jpg Graphic file (type bmp)
<./files/HeapsArray.jpg>
File: ./files/HeapsArray2.jpg Graphic file (type bmp)
<./files/HeapsArray2.jpg>
File: ./files/HeapsArrayInsert.jpg Graphic file (type bmp)
<./files/HeapsArrayInsert.jpg>

Overfull \hbox (1.30853pt too wide) in paragraph at lines 1183--1196
$[]$   $[]$ 
 []

File: ./files/HeapArrayHeapify.jpg Graphic file (type bmp)
<./files/HeapArrayHeapify.jpg>
File: ./files/HeapArrayExtractMax.jpg Graphic file (type bmp)
<./files/HeapArrayExtractMax.jpg>

Overfull \hbox (19.43332pt too wide) in paragraph at lines 1209--1215
[]$[]$ $[]$ 
 []

[22]
File: ./files/HeapArrayLeafIndex.jpg Graphic file (type bmp)
<./files/HeapArrayLeafIndex.jpg>
File: ./files/HeapArrayBuildHeap.jpg Graphic file (type bmp)
<./files/HeapArrayBuildHeap.jpg>
File: ./files/HeapSort.jpg Graphic file (type bmp)
<./files/HeapSort.jpg>

Overfull \hbox (1.30853pt too wide) in paragraph at lines 1232--1246
$[]$   $[]$ 
 []

[23]
File: ./files/BBaumHoehe2.jpg Graphic file (type bmp)
<./files/BBaumHoehe2.jpg>
File: ./files/BBaumHoehe.jpg Graphic file (type bmp)
<./files/BBaumHoehe.jpg>

Overfull \hbox (44.98042pt too wide) in paragraph at lines 1275--1276
 [] 
 []

File: ./files/BBaumBaumkunde.jpg Graphic file (type bmp)
<./files/BBaumBaumkunde.jpg>
File: ./files/BBaumSearch.jpg Graphic file (type bmp)
<./files/BBaumSearch.jpg>

Overfull \hbox (49.39685pt too wide) in paragraph at lines 1304--1305
 [] 
 []

[24]
File: ./files/BBaumInsert.jpg Graphic file (type bmp)
<./files/BBaumInsert.jpg>
File: ./files/BBaumInsertRoot.jpg Graphic file (type bmp)
<./files/BBaumInsertRoot.jpg>

Overfull \hbox (5.54167pt too wide) in paragraph at lines 1328--1329
 [] 
 []


Overfull \hbox (23.999pt too wide) in paragraph at lines 1319--1331
[][]   [] 
 []

File: ./files/BBaumInsertWithSplit.jpg Graphic file (type bmp)
<./files/BBaumInsertWithSplit.jpg>

Overfull \hbox (8.17654pt too wide) in paragraph at lines 1345--1346
 [] 
 []


Overfull \hbox (6.999pt too wide) in paragraph at lines 1334--1348
[]   [] 
 []

File: ./files/BBaumLöschenRotieren.jpg Graphic file (type bmp)
<./files/BBaumLöschenRotieren.jpg>
File: ./files/BBaumLöschenVerschmelzen.jpg Graphic file (type bmp)
<./files/BBaumLöschenVerschmelzen.jpg>

Underfull \hbox (badness 10000) in paragraph at lines 1351--1375

 []


Underfull \hbox (badness 10000) in paragraph at lines 1351--1375

 []


Underfull \hbox (badness 10000) in paragraph at lines 1351--1375

 []


Underfull \hbox (badness 10000) in paragraph at lines 1351--1375

 []

[25]
File: ./files/BBaumLöschenVerschieben.jpg Graphic file (type bmp)
<./files/BBaumLöschenVerschieben.jpg>
File: ./files/BBaumLöschenVerschmelzen02.jpg Graphic file (type bmp)
<./files/BBaumLöschenVerschmelzen02.jpg>

Underfull \hbox (badness 10000) in paragraph at lines 1376--1402

 []


Underfull \hbox (badness 10000) in paragraph at lines 1376--1402

 []


Underfull \hbox (badness 10000) in paragraph at lines 1376--1402

 []


Underfull \hbox (badness 10000) in paragraph at lines 1376--1402

 []

File: ./files/BBaumLöschenCode.jpg Graphic file (type bmp)
<./files/BBaumLöschenCode.jpg>

Overfull \hbox (14.64507pt too wide) in paragraph at lines 1407--1408
 [] 
 []

File: ./files/BBaumCharakteristik.jpg Graphic file (type bmp)
<./files/BBaumCharakteristik.jpg>
[26]
Underfull \hbox (badness 10000) in paragraph at lines 1426--1428

 []

File: ./files/SkipListsCharakteristik.jpg Graphic file (type bmp)
<./files/SkipListsCharakteristik.jpg>
File: ./files/SkipListsCharakteristikDurchschnitt.jpg Graphic file (type bmp)
<./files/SkipListsCharakteristikDurchschnitt.jpg>

Overfull \hbox (6.999pt too wide) in paragraph at lines 1420--1445
[]   [] 
 []

File: ./files/SkipListsPointer.jpg Graphic file (type bmp)
<./files/SkipListsPointer.jpg>

Overfull \hbox (38.22537pt too wide) in paragraph at lines 1453--1468
[]$[]$   $[]$ 
 []

File: ./files/SkipListsSearch.jpg Graphic file (type bmp)
<./files/SkipListsSearch.jpg>
File: ./files/SkipListsSearchCode.jpg Graphic file (type bmp)
<./files/SkipListsSearchCode.jpg>

Overfull \hbox (4.1364pt too wide) in paragraph at lines 1484--1485
 [] 
 []

File: ./files/SkipListsVerbesserung.jpg Graphic file (type bmp)
<./files/SkipListsVerbesserung.jpg>

Overfull \hbox (6.999pt too wide) in paragraph at lines 1490--1503
$[]$   $[]$ 
 []

File: ./files/SkipListsLinearität01.jpg Graphic file (type bmp)
<./files/SkipListsLinearität01.jpg>
File: ./files/SkipListsZufallsvariablen.jpg Graphic file (type bmp)
<./files/SkipListsZufallsvariablen.jpg>
[27]
File: ./files/SkipListsInsert.jpg Graphic file (type bmp)
<./files/SkipListsInsert.jpg>

Overfull \hbox (6.999pt too wide) in paragraph at lines 1536--1550
$[]$   $[]$ 
 []

File: ./files/SkipListsDelete.jpg Graphic file (type bmp)
<./files/SkipListsDelete.jpg>

Overfull \hbox (6.999pt too wide) in paragraph at lines 1553--1565
$[]$   $[]$ 
 []

[28]
File: ./files/HashtablesCharakterisitk.jpg Graphic file (type bmp)
<./files/HashtablesCharakterisitk.jpg>
File: ./files/HashtablesIdee.jpg Graphic file (type bmp)
<./files/HashtablesIdee.jpg>

Overfull \hbox (20.98346pt too wide) in paragraph at lines 1601--1602
 [] 
 []

File: ./files/HashtablesSearchDelete.jpg Graphic file (type bmp)
<./files/HashtablesSearchDelete.jpg>

Overfull \hbox (47.46654pt too wide) in paragraph at lines 1616--1617
 [] 
 []

File: ./files/HashtablesKollision.jpg Graphic file (type bmp)
<./files/HashtablesKollision.jpg>
File: ./files/HashtablesLinkedList.jpg Graphic file (type bmp)
<./files/HashtablesLinkedList.jpg>
[29]
Underfull \hbox (badness 10000) in paragraph at lines 1654--1655

 []

File: ./files/HashtablesHashfunction01.jpg Graphic file (type bmp)
<./files/HashtablesHashfunction01.jpg>

Overfull \hbox (6.999pt too wide) in paragraph at lines 1647--1664
$[]$   $[]$ 
 []

[30]
Underfull \hbox (badness 1033) in paragraph at lines 1714--1715
[]$\OML/cmm/m/it/10.95 k$ \T1/lmr/m/n/10.95 ''gu-te'' Hash-Funktionen $\OML/cmm/m/it/10.95 H[]; [] ; H[]$ \T1/lmr/m/n/10.95 mit Bild-be-reich
 []

File: ./files/BloomFilterEmpfohleneWerte.jpg Graphic file (type bmp)
<./files/BloomFilterEmpfohleneWerte.jpg>

Overfull \hbox (55.0661pt too wide) in paragraph at lines 1708--1724
$[]$ $[]$ 
 []

File: ./files/BloomFilterEinfügenCode.jpg Graphic file (type bmp)
<./files/BloomFilterEinfügenCode.jpg>
File: ./files/BloomFilterEinfügen.jpg Graphic file (type bmp)
<./files/BloomFilterEinfügen.jpg>
File: ./files/BloomFilterSuchenCode.jpg Graphic file (type bmp)
<./files/BloomFilterSuchenCode.jpg>
File: ./files/BloomFilterSuchen.jpg Graphic file (type bmp)
<./files/BloomFilterSuchen.jpg>
File: ./files/BloomFilterVergleich.jpg Graphic file (type bmp)
<./files/BloomFilterVergleich.jpg>
[31]
File: ./files/RBTSentinel.jpg Graphic file (type bmp)
<./files/RBTSentinel.jpg>
File: ./files/RBTSentinelParameter.jpg Graphic file (type bmp)
<./files/RBTSentinelParameter.jpg>
File: ./files/RBTRotation.jpg Graphic file (type bmp)
<./files/RBTRotation.jpg>
File: ./files/RBTRotation01.jpg Graphic file (type bmp)
<./files/RBTRotation01.jpg>
File: ./files/RBTRotation02.jpg Graphic file (type bmp)
<./files/RBTRotation02.jpg>
File: ./files/RBTRotation03.jpg Graphic file (type bmp)
<./files/RBTRotation03.jpg>
File: ./files/RBTRotationCode.jpg Graphic file (type bmp)
<./files/RBTRotationCode.jpg>
File: ./files/RBTInsert.jpg Graphic file (type bmp)
<./files/RBTInsert.jpg>
 [32]
Underfull \hbox (badness 10000) in paragraph at lines 1819--1821

 []


Underfull \hbox (badness 10000) in paragraph at lines 1827--1828

 []


Underfull \hbox (badness 10000) in paragraph at lines 1834--1835

 []


Underfull \hbox (badness 10000) in paragraph at lines 1840--1841

 []

File: ./files/RBTfixColorAfterInsertion.jpg Graphic file (type bmp)
<./files/RBTfixColorAfterInsertion.jpg>

Overfull \hbox (15.57492pt too wide) in paragraph at lines 1854--1854
 [][] 
 []

File: ./files/RBTInsertFall01.jpg Graphic file (type bmp)
<./files/RBTInsertFall01.jpg>

Overfull \hbox (6.2443pt too wide) in paragraph at lines 1857--1857
 [][] 
 []

File: ./files/RBTInsertFall02.jpg Graphic file (type bmp)
<./files/RBTInsertFall02.jpg>

Overfull \hbox (6.59563pt too wide) in paragraph at lines 1859--1859
 [][] 
 []


Overfull \hbox (6.999pt too wide) in paragraph at lines 1816--1862
$[]$   $[]$ 
 []

File: ./files/RBTInsertSample01.jpg Graphic file (type bmp)
<./files/RBTInsertSample01.jpg>
File: ./files/RBTInsertSample02.jpg Graphic file (type bmp)
<./files/RBTInsertSample02.jpg>
File: ./files/RBTInsertSample03.jpg Graphic file (type bmp)
<./files/RBTInsertSample03.jpg>

Overfull \hbox (1.02704pt too wide) in paragraph at lines 1886--1889
 [] 
 []


Overfull \hbox (7.3506pt too wide) in paragraph at lines 1886--1889
 [] 
 []


Overfull \hbox (7.00702pt too wide) in paragraph at lines 1865--1891
[]   [] 
 []

[33] [34]
Underfull \hbox (badness 10000) in paragraph at lines 1949--1950

 []

File: ./files/RBTDeletionCase02.jpg Graphic file (type bmp)
<./files/RBTDeletionCase02.jpg>

Overfull \hbox (31.6584pt too wide) in paragraph at lines 1961--1962
[][] 
 []


Underfull \hbox (badness 10000) in paragraph at lines 1972--1973

 []

File: ./files/RBTDeletionCase03b.jpg Graphic file (type bmp)
<./files/RBTDeletionCase03b.jpg>

Overfull \hbox (32.23055pt too wide) in paragraph at lines 1984--1985
 [] 
 []

[35]
Underfull \hbox (badness 10000) in paragraph at lines 1996--1997

 []

File: ./files/RBTDeletionCase03a.jpg Graphic file (type bmp)
<./files/RBTDeletionCase03a.jpg>

Overfull \hbox (32.23055pt too wide) in paragraph at lines 2008--2009
 [] 
 []

File: ./files/RBTDeletionCase04.jpg Graphic file (type bmp)
<./files/RBTDeletionCase04.jpg>

Overfull \hbox (29.94196pt too wide) in paragraph at lines 2032--2033
 [] 
 []

File: ./files/RBTDeletionCase05.jpg Graphic file (type bmp)
<./files/RBTDeletionCase05.jpg>

Overfull \hbox (32.80269pt too wide) in paragraph at lines 2057--2058
 [] 
 []

File: ./files/RBTCasesGraph.jpg Graphic file (type bmp)
<./files/RBTCasesGraph.jpg>
[36]
Underfull \hbox (badness 10000) in paragraph at lines 2075--2076

 []


Underfull \hbox (badness 10000) in paragraph at lines 2081--2082

 []


Underfull \hbox (badness 10000) in paragraph at lines 2088--2089

 []


Underfull \hbox (badness 10000) in paragraph at lines 2095--2096

 []


Underfull \hbox (badness 10000) in paragraph at lines 2101--2102

 []

[37]
Underfull \hbox (badness 10000) in paragraph at lines 2119--2121

 []

File: ./files/GraphenGerichteterGraph.jpg Graphic file (type bmp)
<./files/GraphenGerichteterGraph.jpg>

Overfull \hbox (3.86461pt too wide) in paragraph at lines 2132--2133
 [] 
 []


Overfull \hbox (7.00702pt too wide) in paragraph at lines 2115--2135
$[]$   $[]$ 
 []

[38]
Package atveryend Info: Empty hook `BeforeClearDocument' on input line 2148.
 [39]
Package atveryend Info: Empty hook `AfterLastShipout' on input line 2148.
 (c:/Users/Admin/Documents/texmaker/projects/aud_reference_sheet/build/aud_reference_sheet.aux)
Package atveryend Info: Empty hook `AtVeryEndDocument' on input line 2148.
Package atveryend Info: Executing hook `AtEndAfterFileList' on input line 2148.
Package rerunfilecheck Info: File `aud_reference_sheet.out' has not changed.
(rerunfilecheck)             Checksum: ECD3CFE63E09CC91513FB10C180739A1;3164.
Package atveryend Info: Empty hook `AtVeryVeryEnd' on input line 2148.
 ) 
Here is how much of TeX's memory you used:
 17057 strings out of 479417
 262429 string characters out of 5888071
 561041 words of memory out of 5000000
 34153 multiletter control sequences out of 15000+600000
 571462 words of font info for 64 fonts, out of 8000000 for 9000
 1348 hyphenation exceptions out of 8191
 48i,22n,47p,403b,495s stack positions out of 5000i,500n,10000p,200000b,80000s

Output written on c:/Users/Admin/Documents/texmaker/projects/aud_reference_sheet/build/aud_reference_sheet.xdv (41 pages, 165648 bytes).
