\BOOKMARK [1][-]{section.1}{Begriffsdefinitonen}{}% 1
\BOOKMARK [1][-]{section.2}{Pseudocode}{}% 2
\BOOKMARK [2][-]{subsection.2.1}{Aufbau}{section.2}% 3
\BOOKMARK [2][-]{subsection.2.2}{Beispiele}{section.2}% 4
\BOOKMARK [1][-]{section.3}{Algorithmen}{}% 5
\BOOKMARK [2][-]{subsection.3.1}{Definition}{section.3}% 6
\BOOKMARK [2][-]{subsection.3.2}{Anforderungen}{section.3}% 7
\BOOKMARK [2][-]{subsection.3.3}{Eigenschaften}{section.3}% 8
\BOOKMARK [1][-]{section.4}{Effizienz\040von\040Algorithmen}{}% 9
\BOOKMARK [1][-]{section.5}{Asymptotische Komplexität}{}% 10
\BOOKMARK [2][-]{subsection.5.1}{Asymptotische\040Notation}{section.5}% 11
\BOOKMARK [2][-]{subsection.5.2}{Schranken der asymptotischen Komplexität}{section.5}% 12
\BOOKMARK [2][-]{subsection.5.3}{Notationen\040und\040Definition}{section.5}% 13
\BOOKMARK [1][-]{section.6}{Analyse\040von\040Divide-and-Conquer\040Algorithmen}{}% 14
\BOOKMARK [1][-]{section.7}{Datenstrukturen:\040Theorie}{}% 15
\BOOKMARK [2][-]{subsection.7.1}{Besipiele}{section.7}% 16
\BOOKMARK [1][-]{section.8}{Datenstruktur:\040Stacks}{}% 17
\BOOKMARK [1][-]{section.9}{Datenstruktur:\040Verkettete\040Listen}{}% 18
\BOOKMARK [1][-]{section.10}{Datenstruktur:\040Queues}{}% 19
\BOOKMARK [1][-]{section.11}{Datenstruktur: Binärbüume}{}% 20
\BOOKMARK [1][-]{section.12}{Sortieralgorithmen:\040Theorie}{}% 21
\BOOKMARK [2][-]{subsection.12.1}{Warum möchte man Sortieren}{section.12}% 22
\BOOKMARK [2][-]{subsection.12.2}{Bedingungen}{section.12}% 23
\BOOKMARK [2][-]{subsection.12.3}{Vergleichskriterien}{section.12}% 24
\BOOKMARK [2][-]{subsection.12.4}{Vergleichsverfahren}{section.12}% 25
\BOOKMARK [1][-]{section.13}{Entwurfsprinzipien\040des\040Sortieren}{}% 26
\BOOKMARK [2][-]{subsection.13.1}{Devide-and-Conquer}{section.13}% 27
\BOOKMARK [1][-]{section.14}{Sortieralgorithmus:\040InsertionSort}{}% 28
\BOOKMARK [1][-]{section.15}{Sortieralgorithmus:\040BubbleSort}{}% 29
\BOOKMARK [1][-]{section.16}{Sortieralgorithmus:\040SelectionSort}{}% 30
\BOOKMARK [1][-]{section.17}{Sortieralgorithmus:\040MergeSort}{}% 31
\BOOKMARK [1][-]{section.18}{Sortieralgorithmus:\040QuickSort}{}% 32
\BOOKMARK [1][-]{section.19}{Exkurs}{}% 33
\BOOKMARK [2][-]{subsection.19.1}{Totale\040Ordnung}{section.19}% 34
